2025-04-20 21:36:29,316 - root - INFO - Trial #8: lr=0.00038252186335986, wd=2.162695292323311e-05, wseg=0.12470313890439098
2025-04-20 21:36:29,337 - root - INFO - Initializing train dataset with weak_supervision=False
2025-04-20 21:36:29,338 - root - INFO - Split files already exist and are not empty, skipping creation
2025-04-20 21:36:29,339 - root - INFO - Dataset initialized with 4434 images and 35 classes
2025-04-20 21:36:29,339 - root - INFO - Raw train set size: 4434 samples
2025-04-20 21:36:29,339 - root - INFO - Subsampled train set to 100 samples
2025-04-20 21:36:29,340 - root - INFO - Initializing val dataset with weak_supervision=False
2025-04-20 21:36:29,340 - root - INFO - Split files already exist and are not empty, skipping creation
2025-04-20 21:36:29,342 - root - INFO - Dataset initialized with 1478 images and 35 classes
2025-04-20 21:36:29,342 - root - INFO - Validation set size: 1478 samples
2025-04-20 21:36:29,557 - root - INFO - Using device: cuda
2025-04-20 21:36:29,559 - root - INFO - Epoch 1/3
2025-04-20 21:37:10,345 - root - INFO - Label shape: torch.Size([32, 224, 224])
2025-04-20 21:37:10,346 - root - INFO - Label dtype: torch.int64
2025-04-20 21:37:10,353 - root - INFO - Label values: tensor([[[1, 1, 1,  ..., 1, 1, 1],
         [1, 1, 1,  ..., 1, 1, 1],
         [1, 1, 1,  ..., 1, 1, 1],
         ...,
         [1, 1, 1,  ..., 1, 1, 1],
         [1, 1, 1,  ..., 1, 1, 1],
         [1, 1, 1,  ..., 1, 1, 1]],

        [[1, 1, 1,  ..., 1, 1, 1],
         [1, 1, 1,  ..., 1, 1, 1],
         [1, 1, 1,  ..., 1, 1, 1],
         ...,
         [1, 1, 1,  ..., 0, 1, 1],
         [1, 1, 1,  ..., 0, 1, 1],
         [1, 1, 1,  ..., 0, 1, 1]],

        [[1, 1, 1,  ..., 1, 1, 1],
         [1, 1, 1,  ..., 1, 1, 1],
         [1, 1, 1,  ..., 1, 1, 1],
         ...,
         [1, 1, 1,  ..., 1, 1, 1],
         [1, 1, 1,  ..., 1, 1, 1],
         [1, 1, 1,  ..., 1, 1, 1]],

        ...,

        [[1, 1, 1,  ..., 1, 1, 1],
         [1, 1, 1,  ..., 1, 1, 1],
         [1, 1, 1,  ..., 1, 1, 1],
         ...,
         [1, 1, 1,  ..., 1, 1, 1],
         [1, 1, 1,  ..., 1, 1, 1],
         [1, 1, 1,  ..., 1, 1, 1]],

        [[1, 1, 1,  ..., 1, 1, 1],
         [1, 1, 1,  ..., 1, 1, 1],
         [1, 1, 1,  ..., 1, 1, 1],
         ...,
         [1, 1, 1,  ..., 1, 1, 1],
         [1, 1, 1,  ..., 1, 1, 1],
         [1, 1, 1,  ..., 1, 1, 1]],

        [[1, 1, 1,  ..., 1, 1, 1],
         [1, 1, 1,  ..., 1, 1, 1],
         [1, 1, 1,  ..., 1, 1, 1],
         ...,
         [1, 1, 1,  ..., 1, 1, 1],
         [1, 1, 1,  ..., 1, 1, 1],
         [1, 1, 1,  ..., 1, 1, 1]]], device='cuda:0')
2025-04-20 21:37:10,353 - root - INFO - Labels have shape torch.Size([32, 224, 224]) - they appear to be masks, not scalars
2025-04-20 21:37:10,934 - root - INFO - Batch 0/4, Loss: 3.5564
2025-04-20 21:37:10,947 - root - INFO - Label shape: torch.Size([32, 224, 224])
2025-04-20 21:37:10,947 - root - INFO - Label dtype: torch.int64
2025-04-20 21:37:10,953 - root - INFO - Label values: tensor([[[1, 1, 1,  ..., 1, 1, 1],
         [1, 1, 1,  ..., 1, 1, 1],
         [1, 1, 1,  ..., 1, 1, 1],
         ...,
         [1, 1, 1,  ..., 1, 1, 1],
         [1, 1, 1,  ..., 1, 1, 1],
         [1, 1, 1,  ..., 1, 1, 1]],

        [[1, 1, 1,  ..., 1, 1, 1],
         [1, 1, 1,  ..., 1, 1, 1],
         [1, 1, 1,  ..., 1, 1, 1],
         ...,
         [1, 1, 1,  ..., 1, 1, 1],
         [1, 1, 1,  ..., 1, 1, 1],
         [1, 1, 1,  ..., 1, 1, 1]],

        [[1, 1, 1,  ..., 1, 1, 1],
         [1, 1, 1,  ..., 1, 1, 1],
         [1, 1, 1,  ..., 1, 1, 1],
         ...,
         [1, 1, 1,  ..., 1, 1, 1],
         [1, 1, 1,  ..., 1, 1, 1],
         [1, 1, 1,  ..., 1, 1, 1]],

        ...,

        [[1, 1, 1,  ..., 1, 1, 1],
         [1, 1, 1,  ..., 1, 1, 1],
         [1, 1, 1,  ..., 1, 1, 1],
         ...,
         [1, 1, 1,  ..., 1, 1, 1],
         [1, 1, 1,  ..., 1, 1, 1],
         [1, 1, 1,  ..., 1, 1, 1]],

        [[1, 1, 1,  ..., 1, 1, 1],
         [1, 1, 1,  ..., 1, 1, 1],
         [1, 1, 1,  ..., 1, 1, 1],
         ...,
         [1, 1, 1,  ..., 1, 1, 1],
         [1, 1, 1,  ..., 1, 1, 1],
         [1, 1, 1,  ..., 1, 1, 1]],

        [[1, 1, 1,  ..., 1, 1, 1],
         [1, 1, 1,  ..., 1, 1, 1],
         [1, 1, 1,  ..., 1, 1, 1],
         ...,
         [1, 1, 1,  ..., 1, 1, 1],
         [1, 1, 1,  ..., 1, 1, 1],
         [1, 1, 1,  ..., 1, 1, 1]]], device='cuda:0')
2025-04-20 21:37:10,954 - root - INFO - Labels have shape torch.Size([32, 224, 224]) - they appear to be masks, not scalars
2025-04-20 21:37:12,340 - root - INFO - Epoch 1 training loss: 3.3460
2025-04-20 21:37:57,447 - root - INFO - Epoch 1 validation loss: 3.7357
2025-04-20 21:37:57,461 - root - INFO - Epoch 2/3
2025-04-20 21:38:38,527 - root - INFO - Batch 0/4, Loss: 2.9461
2025-04-20 21:38:39,916 - root - INFO - Epoch 2 training loss: 2.8197
2025-04-20 21:39:25,057 - root - INFO - Epoch 2 validation loss: 3.2860
2025-04-20 21:39:25,072 - root - INFO - Epoch 3/3
2025-04-20 21:40:06,083 - root - INFO - Batch 0/4, Loss: 2.5196
2025-04-20 21:40:07,476 - root - INFO - Epoch 3 training loss: 2.4380
2025-04-20 21:40:52,616 - root - INFO - Epoch 3 validation loss: 2.8584
2025-04-20 21:40:52,633 - root - INFO - Pruning trial at epoch 3
