2025-04-20 21:15:21,015 - root - INFO - Trial #4: lr=0.00014464988966475035, wd=6.373198354014773e-05, wseg=0.2686033983974075
2025-04-20 21:15:21,037 - root - INFO - Initializing train dataset with weak_supervision=False
2025-04-20 21:15:21,038 - root - INFO - Split files already exist and are not empty, skipping creation
2025-04-20 21:15:21,039 - root - INFO - Dataset initialized with 4434 images and 35 classes
2025-04-20 21:15:21,039 - root - INFO - Raw train set size: 4434 samples
2025-04-20 21:15:21,040 - root - INFO - Subsampled train set to 100 samples
2025-04-20 21:15:21,040 - root - INFO - Initializing val dataset with weak_supervision=False
2025-04-20 21:15:21,040 - root - INFO - Split files already exist and are not empty, skipping creation
2025-04-20 21:15:21,042 - root - INFO - Dataset initialized with 1478 images and 35 classes
2025-04-20 21:15:21,043 - root - INFO - Validation set size: 1478 samples
2025-04-20 21:15:21,247 - root - INFO - Using device: cuda
2025-04-20 21:15:21,248 - root - INFO - Epoch 1/3
2025-04-20 21:16:02,093 - root - INFO - Label shape: torch.Size([32, 224, 224])
2025-04-20 21:16:02,093 - root - INFO - Label dtype: torch.int64
2025-04-20 21:16:02,100 - root - INFO - Label values: tensor([[[1, 1, 1,  ..., 1, 1, 1],
         [1, 1, 1,  ..., 1, 1, 1],
         [1, 1, 1,  ..., 1, 1, 1],
         ...,
         [1, 1, 1,  ..., 1, 1, 1],
         [1, 1, 1,  ..., 1, 1, 1],
         [1, 1, 1,  ..., 1, 1, 1]],

        [[1, 1, 1,  ..., 1, 1, 1],
         [1, 1, 1,  ..., 1, 1, 1],
         [1, 1, 1,  ..., 1, 1, 1],
         ...,
         [1, 1, 1,  ..., 1, 1, 1],
         [1, 1, 1,  ..., 1, 1, 1],
         [1, 1, 1,  ..., 1, 1, 1]],

        [[1, 1, 1,  ..., 1, 1, 1],
         [1, 1, 1,  ..., 1, 1, 1],
         [1, 1, 1,  ..., 1, 1, 1],
         ...,
         [1, 1, 1,  ..., 1, 1, 1],
         [1, 1, 1,  ..., 1, 1, 1],
         [1, 1, 1,  ..., 0, 1, 1]],

        ...,

        [[1, 1, 1,  ..., 1, 1, 1],
         [1, 1, 1,  ..., 1, 1, 1],
         [1, 1, 1,  ..., 1, 1, 1],
         ...,
         [1, 1, 1,  ..., 1, 1, 1],
         [1, 1, 1,  ..., 1, 1, 1],
         [1, 1, 1,  ..., 1, 1, 1]],

        [[1, 1, 1,  ..., 1, 1, 1],
         [1, 1, 1,  ..., 1, 1, 1],
         [1, 1, 1,  ..., 1, 1, 1],
         ...,
         [1, 1, 1,  ..., 1, 1, 1],
         [1, 1, 1,  ..., 1, 1, 1],
         [1, 1, 1,  ..., 1, 1, 1]],

        [[1, 1, 1,  ..., 1, 1, 1],
         [1, 1, 1,  ..., 1, 1, 1],
         [1, 1, 1,  ..., 1, 1, 1],
         ...,
         [1, 1, 1,  ..., 1, 1, 1],
         [1, 1, 1,  ..., 1, 1, 1],
         [1, 1, 1,  ..., 1, 1, 1]]], device='cuda:0')
2025-04-20 21:16:02,101 - root - INFO - Labels have shape torch.Size([32, 224, 224]) - they appear to be masks, not scalars
2025-04-20 21:16:02,547 - root - INFO - Batch 0/4, Loss: 3.5326
2025-04-20 21:16:02,561 - root - INFO - Label shape: torch.Size([32, 224, 224])
2025-04-20 21:16:02,561 - root - INFO - Label dtype: torch.int64
2025-04-20 21:16:02,567 - root - INFO - Label values: tensor([[[1, 1, 1,  ..., 1, 1, 1],
         [1, 1, 1,  ..., 1, 1, 1],
         [1, 1, 1,  ..., 1, 1, 1],
         ...,
         [1, 1, 1,  ..., 1, 1, 1],
         [1, 1, 1,  ..., 1, 1, 1],
         [1, 1, 1,  ..., 1, 1, 1]],

        [[1, 1, 1,  ..., 1, 1, 1],
         [1, 1, 1,  ..., 1, 1, 1],
         [1, 1, 1,  ..., 1, 1, 1],
         ...,
         [1, 1, 1,  ..., 1, 1, 1],
         [1, 1, 1,  ..., 1, 1, 1],
         [1, 1, 1,  ..., 1, 1, 1]],

        [[0, 1, 1,  ..., 1, 1, 1],
         [0, 1, 1,  ..., 1, 1, 1],
         [0, 1, 1,  ..., 1, 1, 1],
         ...,
         [1, 1, 1,  ..., 1, 1, 1],
         [1, 1, 1,  ..., 1, 1, 1],
         [1, 1, 1,  ..., 1, 1, 1]],

        ...,

        [[1, 1, 1,  ..., 1, 1, 1],
         [1, 1, 1,  ..., 1, 1, 1],
         [1, 1, 1,  ..., 1, 1, 1],
         ...,
         [1, 1, 1,  ..., 1, 1, 1],
         [1, 1, 1,  ..., 1, 1, 1],
         [1, 1, 1,  ..., 1, 1, 1]],

        [[1, 1, 1,  ..., 1, 1, 1],
         [1, 1, 1,  ..., 1, 1, 1],
         [1, 1, 1,  ..., 1, 1, 1],
         ...,
         [1, 1, 1,  ..., 1, 1, 1],
         [1, 1, 1,  ..., 1, 1, 1],
         [1, 1, 1,  ..., 0, 0, 0]],

        [[1, 1, 1,  ..., 1, 1, 1],
         [1, 1, 1,  ..., 1, 1, 1],
         [1, 1, 1,  ..., 1, 1, 1],
         ...,
         [1, 1, 1,  ..., 1, 1, 1],
         [1, 1, 1,  ..., 1, 1, 1],
         [1, 1, 1,  ..., 1, 1, 1]]], device='cuda:0')
2025-04-20 21:16:02,567 - root - INFO - Labels have shape torch.Size([32, 224, 224]) - they appear to be masks, not scalars
2025-04-20 21:16:03,934 - root - INFO - Epoch 1 training loss: 3.4398
2025-04-20 21:16:49,479 - root - INFO - Epoch 1 validation loss: 3.6855
2025-04-20 21:16:49,490 - root - INFO - Epoch 2/3
2025-04-20 21:17:30,518 - root - INFO - Batch 0/4, Loss: 3.1777
2025-04-20 21:17:31,861 - root - INFO - Epoch 2 training loss: 3.1207
2025-04-20 21:18:17,070 - root - INFO - Epoch 2 validation loss: 3.5979
2025-04-20 21:18:17,086 - root - INFO - Epoch 3/3
2025-04-20 21:18:58,289 - root - INFO - Batch 0/4, Loss: 2.9319
2025-04-20 21:18:59,650 - root - INFO - Epoch 3 training loss: 2.9069
2025-04-20 21:19:44,797 - root - INFO - Epoch 3 validation loss: 3.4262
2025-04-20 21:19:44,828 - root - INFO - Loss plot saved to experiments/plots/loss_plot.png
