2025-04-20 20:57:40,624 - root - INFO - Trial #0: lr=0.0006323374964176497, wd=0.0004069613215359453, wseg=0.4708285017684214
2025-04-20 20:57:42,349 - root - INFO - Initializing train dataset with weak_supervision=False
2025-04-20 20:57:42,349 - root - INFO - Split files already exist and are not empty, skipping creation
2025-04-20 20:57:42,350 - root - INFO - Dataset initialized with 4434 images and 35 classes
2025-04-20 20:57:42,350 - root - INFO - Raw train set size: 4434 samples
2025-04-20 20:57:42,350 - root - INFO - Subsampled train set to 100 samples
2025-04-20 20:57:42,350 - root - INFO - Initializing val dataset with weak_supervision=False
2025-04-20 20:57:42,352 - root - INFO - Split files already exist and are not empty, skipping creation
2025-04-20 20:57:42,356 - root - INFO - Dataset initialized with 1478 images and 35 classes
2025-04-20 20:57:42,356 - root - INFO - Validation set size: 1478 samples
2025-04-20 20:57:43,207 - root - INFO - Using device: cuda
2025-04-20 20:57:43,209 - root - INFO - Epoch 1/3
2025-04-20 20:58:24,229 - root - INFO - Label shape: torch.Size([32, 224, 224])
2025-04-20 20:58:24,229 - root - INFO - Label dtype: torch.int64
2025-04-20 20:58:24,254 - root - INFO - Label values: tensor([[[0, 0, 0,  ..., 1, 1, 1],
         [0, 1, 1,  ..., 1, 1, 1],
         [0, 1, 1,  ..., 1, 1, 1],
         ...,
         [1, 1, 1,  ..., 1, 1, 1],
         [1, 1, 1,  ..., 1, 1, 1],
         [0, 0, 0,  ..., 1, 1, 1]],

        [[1, 1, 1,  ..., 1, 1, 1],
         [1, 1, 1,  ..., 1, 1, 1],
         [1, 1, 1,  ..., 1, 1, 1],
         ...,
         [1, 1, 1,  ..., 1, 1, 1],
         [1, 1, 1,  ..., 1, 1, 1],
         [1, 1, 1,  ..., 1, 1, 1]],

        [[1, 1, 1,  ..., 1, 1, 1],
         [1, 1, 1,  ..., 1, 1, 1],
         [1, 1, 1,  ..., 1, 1, 1],
         ...,
         [1, 1, 1,  ..., 1, 1, 1],
         [1, 1, 1,  ..., 1, 1, 1],
         [1, 1, 1,  ..., 1, 1, 1]],

        ...,

        [[1, 1, 1,  ..., 1, 1, 1],
         [1, 1, 1,  ..., 1, 1, 1],
         [1, 1, 1,  ..., 1, 1, 1],
         ...,
         [1, 1, 1,  ..., 1, 1, 1],
         [1, 1, 1,  ..., 1, 1, 1],
         [1, 1, 1,  ..., 1, 1, 1]],

        [[1, 1, 1,  ..., 1, 1, 1],
         [1, 1, 1,  ..., 1, 1, 1],
         [1, 1, 1,  ..., 1, 1, 1],
         ...,
         [1, 1, 1,  ..., 1, 1, 1],
         [1, 1, 1,  ..., 1, 1, 1],
         [1, 1, 1,  ..., 1, 1, 1]],

        [[1, 1, 1,  ..., 1, 1, 1],
         [1, 1, 1,  ..., 1, 1, 1],
         [1, 1, 1,  ..., 1, 1, 1],
         ...,
         [1, 1, 1,  ..., 1, 1, 1],
         [1, 1, 1,  ..., 1, 1, 1],
         [1, 1, 1,  ..., 1, 1, 1]]], device='cuda:0')
2025-04-20 20:58:24,254 - root - INFO - Labels have shape torch.Size([32, 224, 224]) - they appear to be masks, not scalars
2025-04-20 20:58:25,124 - root - INFO - Batch 0/4, Loss: 3.5611
2025-04-20 20:58:25,136 - root - INFO - Label shape: torch.Size([32, 224, 224])
2025-04-20 20:58:25,136 - root - INFO - Label dtype: torch.int64
2025-04-20 20:58:25,141 - root - INFO - Label values: tensor([[[1, 1, 1,  ..., 1, 1, 1],
         [1, 1, 1,  ..., 1, 1, 1],
         [1, 1, 1,  ..., 1, 1, 1],
         ...,
         [1, 1, 1,  ..., 1, 1, 1],
         [1, 1, 1,  ..., 1, 1, 1],
         [1, 1, 1,  ..., 1, 1, 1]],

        [[1, 1, 1,  ..., 1, 1, 1],
         [1, 1, 1,  ..., 1, 1, 1],
         [1, 1, 1,  ..., 1, 1, 1],
         ...,
         [1, 1, 1,  ..., 1, 1, 1],
         [1, 1, 1,  ..., 1, 1, 1],
         [1, 1, 1,  ..., 1, 1, 1]],

        [[1, 1, 1,  ..., 1, 1, 1],
         [1, 1, 1,  ..., 1, 1, 1],
         [1, 1, 1,  ..., 1, 1, 1],
         ...,
         [1, 1, 1,  ..., 1, 1, 1],
         [1, 1, 1,  ..., 1, 1, 1],
         [1, 1, 1,  ..., 1, 1, 1]],

        ...,

        [[1, 1, 1,  ..., 1, 1, 1],
         [1, 1, 1,  ..., 1, 1, 1],
         [1, 1, 1,  ..., 1, 1, 1],
         ...,
         [1, 1, 1,  ..., 1, 1, 1],
         [1, 1, 1,  ..., 1, 1, 1],
         [1, 1, 1,  ..., 1, 1, 1]],

        [[1, 1, 1,  ..., 1, 1, 1],
         [1, 1, 1,  ..., 1, 1, 1],
         [1, 1, 1,  ..., 1, 1, 1],
         ...,
         [1, 1, 1,  ..., 1, 1, 1],
         [1, 1, 1,  ..., 1, 1, 1],
         [1, 1, 1,  ..., 1, 1, 1]],

        [[0, 1, 1,  ..., 1, 1, 1],
         [0, 1, 1,  ..., 1, 1, 1],
         [0, 1, 1,  ..., 1, 1, 1],
         ...,
         [1, 1, 1,  ..., 1, 1, 1],
         [1, 1, 1,  ..., 1, 1, 1],
         [1, 1, 1,  ..., 1, 1, 1]]], device='cuda:0')
2025-04-20 20:58:25,142 - root - INFO - Labels have shape torch.Size([32, 224, 224]) - they appear to be masks, not scalars
2025-04-20 20:58:26,575 - root - INFO - Epoch 1 training loss: 3.2917
2025-04-20 20:59:13,893 - root - INFO - Epoch 1 validation loss: 3.5666
2025-04-20 20:59:13,909 - root - INFO - Epoch 2/3
2025-04-20 20:59:55,266 - root - INFO - Batch 0/4, Loss: 2.7799
2025-04-20 20:59:56,611 - root - INFO - Epoch 2 training loss: 2.6121
2025-04-20 21:00:42,003 - root - INFO - Epoch 2 validation loss: 2.8594
2025-04-20 21:00:42,019 - root - INFO - Epoch 3/3
2025-04-20 21:01:23,034 - root - INFO - Batch 0/4, Loss: 2.2288
2025-04-20 21:01:24,401 - root - INFO - Epoch 3 training loss: 2.1169
2025-04-20 21:02:09,583 - root - INFO - Epoch 3 validation loss: 2.1868
2025-04-20 21:02:09,620 - root - INFO - Loss plot saved to experiments/plots/loss_plot.png
