2025-04-20 20:54:00,341 - root - INFO - Trial #0: lr=0.0007926658911785185, wd=2.707512589153505e-05, wseg=0.3110052821445869
2025-04-20 20:54:02,056 - root - INFO - Initializing train dataset with weak_supervision=False
2025-04-20 20:54:02,056 - root - INFO - Split files already exist and are not empty, skipping creation
2025-04-20 20:54:02,058 - root - INFO - Dataset initialized with 4434 images and 35 classes
2025-04-20 20:54:02,058 - root - INFO - Raw train set size: 4434 samples
2025-04-20 20:54:02,058 - root - INFO - Subsampled train set to 100 samples
2025-04-20 20:54:02,058 - root - INFO - Initializing val dataset with weak_supervision=False
2025-04-20 20:54:02,058 - root - INFO - Split files already exist and are not empty, skipping creation
2025-04-20 20:54:02,062 - root - INFO - Dataset initialized with 1478 images and 35 classes
2025-04-20 20:54:02,062 - root - INFO - Validation set size: 1478 samples
2025-04-20 20:54:02,937 - root - INFO - Using device: cuda
2025-04-20 20:54:02,939 - root - INFO - Epoch 1/3
2025-04-20 20:54:43,535 - root - INFO - Label shape: torch.Size([32, 64, 64])
2025-04-20 20:54:43,536 - root - INFO - Label dtype: torch.int64
2025-04-20 20:54:43,560 - root - INFO - Label values: tensor([[[1, 1, 1,  ..., 1, 1, 1],
         [1, 1, 1,  ..., 1, 1, 1],
         [1, 1, 1,  ..., 1, 1, 1],
         ...,
         [1, 1, 1,  ..., 1, 1, 1],
         [1, 1, 1,  ..., 1, 1, 1],
         [1, 1, 1,  ..., 1, 1, 1]],

        [[1, 1, 1,  ..., 1, 1, 1],
         [1, 1, 1,  ..., 1, 1, 1],
         [1, 1, 1,  ..., 1, 1, 1],
         ...,
         [1, 1, 1,  ..., 1, 1, 1],
         [1, 1, 1,  ..., 1, 1, 1],
         [1, 1, 1,  ..., 1, 1, 1]],

        [[1, 1, 1,  ..., 1, 1, 1],
         [1, 1, 1,  ..., 1, 1, 1],
         [1, 1, 1,  ..., 1, 1, 1],
         ...,
         [0, 0, 0,  ..., 0, 0, 0],
         [0, 0, 0,  ..., 0, 0, 0],
         [0, 0, 0,  ..., 0, 0, 0]],

        ...,

        [[1, 1, 1,  ..., 1, 1, 1],
         [1, 1, 1,  ..., 1, 1, 1],
         [1, 1, 1,  ..., 1, 1, 1],
         ...,
         [1, 1, 1,  ..., 1, 1, 1],
         [1, 1, 1,  ..., 1, 1, 1],
         [1, 1, 1,  ..., 1, 1, 1]],

        [[1, 1, 1,  ..., 1, 1, 1],
         [1, 1, 1,  ..., 1, 1, 1],
         [1, 1, 1,  ..., 1, 1, 1],
         ...,
         [1, 1, 1,  ..., 1, 1, 1],
         [1, 1, 1,  ..., 1, 1, 1],
         [1, 1, 1,  ..., 1, 1, 1]],

        [[1, 1, 1,  ..., 1, 1, 1],
         [1, 1, 1,  ..., 1, 1, 1],
         [1, 1, 1,  ..., 1, 1, 1],
         ...,
         [1, 1, 1,  ..., 1, 1, 1],
         [1, 1, 1,  ..., 1, 1, 1],
         [1, 1, 1,  ..., 1, 1, 1]]], device='cuda:0')
2025-04-20 20:54:43,561 - root - INFO - Labels have shape torch.Size([32, 64, 64]) - they appear to be masks, not scalars
