2025-04-20 18:10:25,873 - root - INFO - Trial #5: lr=0.000683884488439935, wd=0.0008478249092222732, wseg=0.2715389924757306
2025-04-20 18:10:25,895 - root - INFO - Initializing train dataset with weak_supervision=True
2025-04-20 18:10:25,895 - root - INFO - Split files already exist and are not empty, skipping creation
2025-04-20 18:10:25,896 - root - INFO - Dataset initialized with 4434 images and 35 classes
2025-04-20 18:10:25,897 - root - INFO - Raw train set size: 4434 samples
2025-04-20 18:10:25,897 - root - INFO - Subsampled train set to 100 samples
2025-04-20 18:10:25,897 - root - INFO - Initializing val dataset with weak_supervision=True
2025-04-20 18:10:25,897 - root - INFO - Split files already exist and are not empty, skipping creation
2025-04-20 18:10:25,901 - root - INFO - Dataset initialized with 1478 images and 35 classes
2025-04-20 18:10:25,901 - root - INFO - Validation set size: 1478 samples
2025-04-20 18:10:26,995 - root - INFO - Created augmented dataset with 90 augmented images
2025-04-20 18:10:26,995 - root - INFO - Combined WS train size: 190 (subset + augmented)
2025-04-20 18:10:27,273 - root - INFO - Using device: cuda
2025-04-20 18:10:27,275 - root - INFO - Epoch 1/3
2025-04-20 18:11:05,774 - root - INFO - Label shape: torch.Size([32])
2025-04-20 18:11:05,775 - root - INFO - Label dtype: torch.int64
2025-04-20 18:11:05,777 - root - INFO - Label values: tensor([15, 29, 34, 14, 16, 29, 21, 17,  5, 28, 34, 21, 14, 26, 22, 17, 26,  8,
         2, 30, 28, 17, 14, 28, 26, 17,  6,  7, 17, 21,  7, 23],
       device='cuda:0')
2025-04-20 18:11:05,777 - root - INFO - CONFIRMATION: Labels are scalar values (one per image)
2025-04-20 18:11:08,631 - root - INFO - Batch 0/6, Loss: 5.1857
2025-04-20 18:11:08,639 - root - INFO - Label shape: torch.Size([32])
2025-04-20 18:11:08,639 - root - INFO - Label dtype: torch.int64
2025-04-20 18:11:08,640 - root - INFO - Label values: tensor([18, 34, 28, 13, 17, 14, 25,  4, 17, 22, 17, 33,  4, 24,  8,  8, 26,  4,
         3, 18, 15, 17,  7,  2, 18,  0, 14,  0,  0, 15, 26, 15],
       device='cuda:0')
2025-04-20 18:11:08,640 - root - INFO - CONFIRMATION: Labels are scalar values (one per image)
2025-04-20 18:11:21,429 - root - INFO - Epoch 1 training loss: 13.9700
2025-04-20 18:12:19,432 - root - INFO - Epoch 1 validation loss: 1442173.3963
2025-04-20 18:12:19,534 - root - INFO - Epoch 2/3
2025-04-20 18:13:00,230 - root - INFO - Batch 0/6, Loss: 8.2865
2025-04-20 18:13:11,476 - root - INFO - Epoch 2 training loss: 8.0805
2025-04-20 18:13:59,381 - root - INFO - Epoch 2 validation loss: 3.8823
2025-04-20 18:13:59,396 - root - INFO - Epoch 3/3
2025-04-20 18:14:39,956 - root - INFO - Batch 0/6, Loss: 5.7252
2025-04-20 18:14:50,261 - root - INFO - Epoch 3 training loss: 5.6216
2025-04-20 18:15:37,918 - root - INFO - Epoch 3 validation loss: 3.8822
2025-04-20 18:15:37,932 - root - INFO - Pruning trial at epoch 3
