2025-04-20 18:15:37,987 - root - INFO - Trial #6: lr=0.0002667427340908017, wd=1.2906709991577579e-05, wseg=0.42112259568571453
2025-04-20 18:15:38,008 - root - INFO - Initializing train dataset with weak_supervision=True
2025-04-20 18:15:38,009 - root - INFO - Split files already exist and are not empty, skipping creation
2025-04-20 18:15:38,010 - root - INFO - Dataset initialized with 4434 images and 35 classes
2025-04-20 18:15:38,011 - root - INFO - Raw train set size: 4434 samples
2025-04-20 18:15:38,011 - root - INFO - Subsampled train set to 100 samples
2025-04-20 18:15:38,011 - root - INFO - Initializing val dataset with weak_supervision=True
2025-04-20 18:15:38,011 - root - INFO - Split files already exist and are not empty, skipping creation
2025-04-20 18:15:38,014 - root - INFO - Dataset initialized with 1478 images and 35 classes
2025-04-20 18:15:38,014 - root - INFO - Validation set size: 1478 samples
2025-04-20 18:15:39,105 - root - INFO - Created augmented dataset with 93 augmented images
2025-04-20 18:15:39,105 - root - INFO - Combined WS train size: 193 (subset + augmented)
2025-04-20 18:15:39,382 - root - INFO - Using device: cuda
2025-04-20 18:15:39,383 - root - INFO - Epoch 1/3
2025-04-20 18:16:17,744 - root - INFO - Label shape: torch.Size([32])
2025-04-20 18:16:17,744 - root - INFO - Label dtype: torch.int64
2025-04-20 18:16:17,746 - root - INFO - Label values: tensor([17, 17, 14,  0, 25, 23, 29,  0, 12, 16,  3, 10, 11, 25,  7, 10, 33,  3,
         8, 26, 30, 13, 30, 13, 17, 16, 22,  1, 22, 27, 10, 24],
       device='cuda:0')
2025-04-20 18:16:17,747 - root - INFO - CONFIRMATION: Labels are scalar values (one per image)
2025-04-20 18:16:20,077 - root - INFO - Batch 0/7, Loss: 10.2325
2025-04-20 18:16:20,085 - root - INFO - Label shape: torch.Size([32])
2025-04-20 18:16:20,085 - root - INFO - Label dtype: torch.int64
2025-04-20 18:16:20,086 - root - INFO - Label values: tensor([25, 34,  1, 19, 13, 12, 11, 30, 23, 17, 29,  3,  8,  0,  8, 26, 17, 20,
        10, 32,  7,  0, 12, 23,  8, 22, 21, 17, 29, 14,  1, 19],
       device='cuda:0')
2025-04-20 18:16:20,086 - root - INFO - CONFIRMATION: Labels are scalar values (one per image)
2025-04-20 18:16:31,235 - root - INFO - Epoch 1 training loss: 8.3401
2025-04-20 18:17:29,892 - root - INFO - Epoch 1 validation loss: 7135.0967
2025-04-20 18:17:30,022 - root - INFO - Epoch 2/3
2025-04-20 18:18:10,673 - root - INFO - Batch 0/7, Loss: 8.2413
2025-04-20 18:18:21,469 - root - INFO - Epoch 2 training loss: 6.1108
2025-04-20 18:19:09,881 - root - INFO - Epoch 2 validation loss: 4.0319
2025-04-20 18:19:09,897 - root - INFO - Epoch 3/3
2025-04-20 18:19:51,092 - root - INFO - Batch 0/7, Loss: 5.4639
2025-04-20 18:20:03,979 - root - INFO - Epoch 3 training loss: 4.9558
2025-04-20 18:20:51,895 - root - INFO - Epoch 3 validation loss: 4.0318
2025-04-20 18:20:51,908 - root - INFO - Pruning trial at epoch 3
