2025-04-20 21:06:32,993 - root - INFO - Trial #2: lr=0.0007926059054564472, wd=7.554132785554446e-05, wseg=0.463855599983127
2025-04-20 21:06:33,016 - root - INFO - Initializing train dataset with weak_supervision=False
2025-04-20 21:06:33,017 - root - INFO - Split files already exist and are not empty, skipping creation
2025-04-20 21:06:33,018 - root - INFO - Dataset initialized with 4434 images and 35 classes
2025-04-20 21:06:33,018 - root - INFO - Raw train set size: 4434 samples
2025-04-20 21:06:33,018 - root - INFO - Subsampled train set to 100 samples
2025-04-20 21:06:33,018 - root - INFO - Initializing val dataset with weak_supervision=False
2025-04-20 21:06:33,019 - root - INFO - Split files already exist and are not empty, skipping creation
2025-04-20 21:06:33,022 - root - INFO - Dataset initialized with 1478 images and 35 classes
2025-04-20 21:06:33,022 - root - INFO - Validation set size: 1478 samples
2025-04-20 21:06:33,223 - root - INFO - Using device: cuda
2025-04-20 21:06:33,225 - root - INFO - Epoch 1/3
2025-04-20 21:07:14,101 - root - INFO - Label shape: torch.Size([32, 224, 224])
2025-04-20 21:07:14,102 - root - INFO - Label dtype: torch.int64
2025-04-20 21:07:14,108 - root - INFO - Label values: tensor([[[1, 1, 1,  ..., 1, 1, 1],
         [1, 1, 1,  ..., 1, 1, 1],
         [1, 1, 1,  ..., 1, 1, 1],
         ...,
         [1, 1, 1,  ..., 1, 1, 1],
         [1, 1, 1,  ..., 1, 1, 1],
         [1, 1, 1,  ..., 1, 1, 1]],

        [[1, 1, 1,  ..., 1, 1, 1],
         [1, 1, 1,  ..., 1, 1, 1],
         [1, 1, 1,  ..., 1, 1, 1],
         ...,
         [1, 1, 1,  ..., 1, 1, 1],
         [1, 1, 1,  ..., 1, 1, 1],
         [1, 1, 1,  ..., 1, 1, 1]],

        [[1, 1, 1,  ..., 1, 1, 1],
         [1, 1, 1,  ..., 1, 1, 1],
         [1, 1, 1,  ..., 1, 1, 1],
         ...,
         [1, 1, 1,  ..., 1, 1, 1],
         [1, 1, 1,  ..., 1, 1, 1],
         [1, 1, 1,  ..., 1, 1, 1]],

        ...,

        [[1, 1, 1,  ..., 1, 1, 1],
         [1, 1, 1,  ..., 1, 1, 1],
         [1, 1, 1,  ..., 1, 1, 1],
         ...,
         [1, 1, 1,  ..., 1, 1, 1],
         [1, 1, 1,  ..., 1, 1, 1],
         [1, 1, 1,  ..., 1, 1, 1]],

        [[1, 1, 1,  ..., 1, 1, 1],
         [1, 1, 1,  ..., 1, 1, 1],
         [1, 1, 1,  ..., 1, 1, 1],
         ...,
         [1, 1, 1,  ..., 1, 1, 1],
         [1, 1, 1,  ..., 1, 1, 1],
         [1, 1, 1,  ..., 1, 1, 1]],

        [[1, 1, 1,  ..., 1, 1, 1],
         [1, 1, 1,  ..., 1, 1, 1],
         [1, 1, 1,  ..., 1, 1, 1],
         ...,
         [0, 0, 0,  ..., 1, 1, 1],
         [0, 0, 0,  ..., 1, 1, 1],
         [0, 0, 0,  ..., 1, 1, 1]]], device='cuda:0')
2025-04-20 21:07:14,108 - root - INFO - Labels have shape torch.Size([32, 224, 224]) - they appear to be masks, not scalars
2025-04-20 21:07:14,564 - root - INFO - Batch 0/4, Loss: 3.7683
2025-04-20 21:07:14,577 - root - INFO - Label shape: torch.Size([32, 224, 224])
2025-04-20 21:07:14,578 - root - INFO - Label dtype: torch.int64
2025-04-20 21:07:14,583 - root - INFO - Label values: tensor([[[1, 1, 1,  ..., 1, 1, 1],
         [1, 1, 1,  ..., 1, 1, 1],
         [1, 1, 1,  ..., 1, 1, 1],
         ...,
         [1, 1, 1,  ..., 1, 1, 1],
         [1, 1, 1,  ..., 1, 1, 1],
         [1, 1, 1,  ..., 1, 1, 1]],

        [[1, 1, 1,  ..., 1, 1, 1],
         [1, 1, 1,  ..., 1, 1, 1],
         [1, 1, 1,  ..., 1, 1, 1],
         ...,
         [1, 1, 1,  ..., 1, 1, 1],
         [1, 1, 1,  ..., 1, 1, 1],
         [1, 1, 1,  ..., 1, 1, 1]],

        [[1, 1, 1,  ..., 1, 1, 1],
         [1, 1, 1,  ..., 1, 1, 1],
         [1, 1, 1,  ..., 1, 1, 1],
         ...,
         [1, 1, 1,  ..., 1, 1, 1],
         [1, 1, 1,  ..., 1, 1, 1],
         [1, 1, 1,  ..., 1, 1, 1]],

        ...,

        [[1, 1, 1,  ..., 1, 1, 1],
         [1, 1, 1,  ..., 1, 1, 1],
         [1, 1, 1,  ..., 1, 1, 1],
         ...,
         [1, 1, 1,  ..., 1, 1, 1],
         [1, 1, 1,  ..., 1, 1, 1],
         [1, 1, 1,  ..., 1, 1, 1]],

        [[1, 1, 1,  ..., 1, 1, 1],
         [1, 1, 1,  ..., 1, 1, 1],
         [1, 1, 1,  ..., 1, 1, 1],
         ...,
         [1, 1, 1,  ..., 1, 1, 1],
         [1, 1, 1,  ..., 1, 1, 1],
         [1, 1, 1,  ..., 1, 1, 1]],

        [[1, 1, 1,  ..., 1, 1, 1],
         [1, 1, 1,  ..., 1, 1, 1],
         [1, 1, 1,  ..., 1, 1, 1],
         ...,
         [1, 1, 1,  ..., 1, 1, 1],
         [1, 1, 1,  ..., 1, 1, 1],
         [1, 1, 1,  ..., 1, 1, 1]]], device='cuda:0')
2025-04-20 21:07:14,584 - root - INFO - Labels have shape torch.Size([32, 224, 224]) - they appear to be masks, not scalars
2025-04-20 21:07:15,956 - root - INFO - Epoch 1 training loss: 3.3738
2025-04-20 21:08:01,076 - root - INFO - Epoch 1 validation loss: 4.1739
2025-04-20 21:08:01,088 - root - INFO - Epoch 2/3
2025-04-20 21:08:42,098 - root - INFO - Batch 0/4, Loss: 2.7823
2025-04-20 21:08:43,445 - root - INFO - Epoch 2 training loss: 2.5365
2025-04-20 21:09:28,570 - root - INFO - Epoch 2 validation loss: 3.0049
2025-04-20 21:09:28,586 - root - INFO - Epoch 3/3
2025-04-20 21:10:10,274 - root - INFO - Batch 0/4, Loss: 2.0801
2025-04-20 21:10:11,631 - root - INFO - Epoch 3 training loss: 1.9394
2025-04-20 21:10:56,979 - root - INFO - Epoch 3 validation loss: 1.7923
2025-04-20 21:10:57,009 - root - INFO - Loss plot saved to experiments/plots/loss_plot.png
