2025-04-20 21:40:52,681 - root - INFO - Trial #9: lr=0.0007882063790461691, wd=0.0008283974814259163, wseg=0.247124023402098
2025-04-20 21:40:52,777 - root - INFO - Initializing train dataset with weak_supervision=False
2025-04-20 21:40:52,777 - root - INFO - Split files already exist and are not empty, skipping creation
2025-04-20 21:40:52,778 - root - INFO - Dataset initialized with 4434 images and 35 classes
2025-04-20 21:40:52,778 - root - INFO - Raw train set size: 4434 samples
2025-04-20 21:40:52,778 - root - INFO - Subsampled train set to 100 samples
2025-04-20 21:40:52,781 - root - INFO - Initializing val dataset with weak_supervision=False
2025-04-20 21:40:52,781 - root - INFO - Split files already exist and are not empty, skipping creation
2025-04-20 21:40:52,785 - root - INFO - Dataset initialized with 1478 images and 35 classes
2025-04-20 21:40:52,786 - root - INFO - Validation set size: 1478 samples
2025-04-20 21:40:53,008 - root - INFO - Using device: cuda
2025-04-20 21:40:53,010 - root - INFO - Epoch 1/3
2025-04-20 21:41:33,883 - root - INFO - Label shape: torch.Size([32, 224, 224])
2025-04-20 21:41:33,883 - root - INFO - Label dtype: torch.int64
2025-04-20 21:41:33,890 - root - INFO - Label values: tensor([[[1, 1, 1,  ..., 1, 1, 1],
         [1, 1, 1,  ..., 1, 1, 1],
         [1, 1, 1,  ..., 1, 1, 1],
         ...,
         [1, 1, 1,  ..., 1, 1, 1],
         [1, 1, 1,  ..., 1, 1, 1],
         [1, 1, 1,  ..., 1, 1, 1]],

        [[1, 1, 1,  ..., 1, 1, 1],
         [1, 1, 1,  ..., 1, 1, 1],
         [1, 1, 1,  ..., 1, 1, 1],
         ...,
         [0, 0, 0,  ..., 1, 1, 1],
         [0, 0, 0,  ..., 1, 1, 1],
         [0, 0, 0,  ..., 1, 1, 1]],

        [[1, 1, 1,  ..., 1, 1, 1],
         [1, 1, 1,  ..., 1, 1, 1],
         [1, 1, 1,  ..., 1, 1, 1],
         ...,
         [1, 1, 1,  ..., 1, 1, 1],
         [1, 1, 1,  ..., 1, 1, 1],
         [1, 1, 1,  ..., 1, 1, 1]],

        ...,

        [[1, 1, 1,  ..., 1, 1, 1],
         [1, 1, 1,  ..., 1, 1, 1],
         [1, 1, 1,  ..., 1, 1, 1],
         ...,
         [1, 1, 1,  ..., 1, 1, 1],
         [1, 1, 1,  ..., 1, 1, 1],
         [1, 1, 1,  ..., 1, 1, 1]],

        [[1, 1, 1,  ..., 1, 1, 1],
         [1, 1, 1,  ..., 1, 1, 1],
         [1, 1, 1,  ..., 1, 1, 1],
         ...,
         [1, 1, 1,  ..., 1, 1, 1],
         [1, 1, 1,  ..., 1, 1, 1],
         [1, 1, 1,  ..., 1, 1, 1]],

        [[1, 1, 1,  ..., 1, 1, 1],
         [1, 1, 1,  ..., 1, 1, 1],
         [1, 1, 1,  ..., 1, 1, 1],
         ...,
         [1, 1, 1,  ..., 1, 1, 1],
         [1, 1, 1,  ..., 1, 1, 1],
         [1, 1, 1,  ..., 1, 1, 1]]], device='cuda:0')
2025-04-20 21:41:33,891 - root - INFO - Labels have shape torch.Size([32, 224, 224]) - they appear to be masks, not scalars
2025-04-20 21:41:34,466 - root - INFO - Batch 0/4, Loss: 3.7407
2025-04-20 21:41:34,480 - root - INFO - Label shape: torch.Size([32, 224, 224])
2025-04-20 21:41:34,481 - root - INFO - Label dtype: torch.int64
2025-04-20 21:41:34,486 - root - INFO - Label values: tensor([[[0, 0, 0,  ..., 1, 1, 1],
         [0, 1, 1,  ..., 1, 1, 1],
         [0, 1, 1,  ..., 1, 1, 1],
         ...,
         [1, 1, 1,  ..., 1, 1, 1],
         [1, 1, 1,  ..., 1, 1, 1],
         [1, 1, 1,  ..., 1, 1, 1]],

        [[1, 1, 1,  ..., 1, 1, 1],
         [1, 1, 1,  ..., 1, 1, 1],
         [1, 1, 1,  ..., 1, 1, 1],
         ...,
         [1, 1, 1,  ..., 1, 1, 1],
         [1, 1, 1,  ..., 1, 1, 1],
         [1, 1, 1,  ..., 1, 1, 1]],

        [[1, 1, 1,  ..., 1, 1, 1],
         [1, 1, 1,  ..., 1, 1, 1],
         [1, 1, 1,  ..., 1, 1, 1],
         ...,
         [1, 1, 1,  ..., 1, 1, 1],
         [1, 1, 1,  ..., 1, 1, 1],
         [1, 1, 1,  ..., 1, 1, 1]],

        ...,

        [[1, 1, 1,  ..., 1, 1, 1],
         [1, 1, 1,  ..., 1, 1, 1],
         [1, 1, 1,  ..., 1, 1, 1],
         ...,
         [1, 1, 1,  ..., 1, 1, 1],
         [1, 1, 1,  ..., 1, 1, 1],
         [1, 1, 1,  ..., 1, 1, 1]],

        [[1, 1, 1,  ..., 1, 1, 1],
         [1, 1, 1,  ..., 1, 1, 1],
         [1, 1, 1,  ..., 1, 1, 1],
         ...,
         [1, 1, 1,  ..., 1, 1, 1],
         [1, 1, 1,  ..., 1, 1, 1],
         [1, 1, 1,  ..., 1, 1, 1]],

        [[1, 1, 1,  ..., 1, 1, 1],
         [1, 1, 1,  ..., 1, 1, 1],
         [1, 1, 1,  ..., 1, 1, 1],
         ...,
         [1, 1, 1,  ..., 1, 1, 1],
         [1, 1, 1,  ..., 1, 1, 1],
         [1, 1, 1,  ..., 1, 1, 1]]], device='cuda:0')
2025-04-20 21:41:34,486 - root - INFO - Labels have shape torch.Size([32, 224, 224]) - they appear to be masks, not scalars
2025-04-20 21:41:35,863 - root - INFO - Epoch 1 training loss: 3.3791
2025-04-20 21:42:21,863 - root - INFO - Epoch 1 validation loss: 3.9492
2025-04-20 21:42:21,875 - root - INFO - Epoch 2/3
2025-04-20 21:43:05,444 - root - INFO - Batch 0/4, Loss: 2.7756
2025-04-20 21:43:06,886 - root - INFO - Epoch 2 training loss: 2.5546
2025-04-20 21:43:54,799 - root - INFO - Epoch 2 validation loss: 3.0670
2025-04-20 21:43:54,816 - root - INFO - Epoch 3/3
2025-04-20 21:44:38,202 - root - INFO - Batch 0/4, Loss: 2.0906
2025-04-20 21:44:39,615 - root - INFO - Epoch 3 training loss: 1.9421
2025-04-20 21:45:28,438 - root - INFO - Epoch 3 validation loss: 2.1059
2025-04-20 21:45:28,474 - root - INFO - Loss plot saved to experiments/plots/loss_plot.png
