2025-04-20 17:43:49,795 - root - INFO - Trial #0: lr=0.0002639855889713405, wd=0.0002131966590076931, wseg=0.24261340086896632
2025-04-20 17:43:51,529 - root - INFO - Initializing train dataset with weak_supervision=True
2025-04-20 17:43:51,530 - root - INFO - Split files already exist and are not empty, skipping creation
2025-04-20 17:43:51,531 - root - INFO - Dataset initialized with 4434 images and 35 classes
2025-04-20 17:43:51,531 - root - INFO - Raw train set size: 4434 samples
2025-04-20 17:43:51,532 - root - INFO - Subsampled train set to 100 samples
2025-04-20 17:43:51,532 - root - INFO - Initializing val dataset with weak_supervision=True
2025-04-20 17:43:51,532 - root - INFO - Split files already exist and are not empty, skipping creation
2025-04-20 17:43:51,536 - root - INFO - Dataset initialized with 1478 images and 35 classes
2025-04-20 17:43:51,537 - root - INFO - Validation set size: 1478 samples
2025-04-20 17:43:52,700 - root - INFO - Created augmented dataset with 89 augmented images
2025-04-20 17:43:52,700 - root - INFO - Combined WS train size: 189 (subset + augmented)
2025-04-20 17:43:53,478 - root - INFO - Using device: cuda
2025-04-20 17:43:53,480 - root - INFO - Epoch 1/3
2025-04-20 17:44:33,045 - root - INFO - Label shape: torch.Size([32])
2025-04-20 17:44:33,045 - root - INFO - Label dtype: torch.int64
2025-04-20 17:44:33,062 - root - INFO - Label values: tensor([ 0, 18, 27,  9, 10, 23, 17, 10, 13,  1,  3,  5, 12, 30, 31, 12, 33, 30,
         5, 33, 31, 12, 12, 32, 23, 24, 14, 20, 21, 20, 20, 26],
       device='cuda:0')
2025-04-20 17:44:33,063 - root - INFO - CONFIRMATION: Labels are scalar values (one per image)
2025-04-20 17:44:36,197 - root - INFO - Batch 0/6, Loss: 8.1208
2025-04-20 17:44:36,204 - root - INFO - Label shape: torch.Size([32])
2025-04-20 17:44:36,204 - root - INFO - Label dtype: torch.int64
2025-04-20 17:44:36,206 - root - INFO - Label values: tensor([ 5, 18, 15,  1, 12,  1, 12,  5,  8, 33,  5, 31, 28, 12, 32, 15, 30, 20,
         4, 31, 21, 22,  4,  8, 25, 15, 12, 12,  8, 17, 17, 15],
       device='cuda:0')
2025-04-20 17:44:36,206 - root - INFO - CONFIRMATION: Labels are scalar values (one per image)
2025-04-20 17:44:48,573 - root - INFO - Epoch 1 training loss: 8.0062
2025-04-20 17:45:47,154 - root - INFO - Epoch 1 validation loss: 5025.6017
2025-04-20 17:45:47,230 - root - INFO - Epoch 2/3
2025-04-20 17:46:28,947 - root - INFO - Batch 0/6, Loss: 6.2517
2025-04-20 17:46:41,187 - root - INFO - Epoch 2 training loss: 5.2587
2025-04-20 17:47:29,268 - root - INFO - Epoch 2 validation loss: 3.8534
2025-04-20 17:47:29,281 - root - INFO - Epoch 3/3
2025-04-20 17:48:10,199 - root - INFO - Batch 0/6, Loss: 4.7338
2025-04-20 17:48:23,597 - root - INFO - Epoch 3 training loss: 4.6649
2025-04-20 17:49:12,001 - root - INFO - Epoch 3 validation loss: 3.8534
2025-04-20 17:49:12,093 - root - INFO - Loss plot saved to experiments/plots/loss_plot.png
