2025-04-20 17:54:23,680 - root - INFO - Trial #2: lr=0.0001834717931285926, wd=5.3557727233396226e-05, wseg=0.3755212105826432
2025-04-20 17:54:23,702 - root - INFO - Initializing train dataset with weak_supervision=True
2025-04-20 17:54:23,702 - root - INFO - Split files already exist and are not empty, skipping creation
2025-04-20 17:54:23,704 - root - INFO - Dataset initialized with 4434 images and 35 classes
2025-04-20 17:54:23,704 - root - INFO - Raw train set size: 4434 samples
2025-04-20 17:54:23,704 - root - INFO - Subsampled train set to 100 samples
2025-04-20 17:54:23,704 - root - INFO - Initializing val dataset with weak_supervision=True
2025-04-20 17:54:23,704 - root - INFO - Split files already exist and are not empty, skipping creation
2025-04-20 17:54:23,707 - root - INFO - Dataset initialized with 1478 images and 35 classes
2025-04-20 17:54:23,707 - root - INFO - Validation set size: 1478 samples
2025-04-20 17:54:24,809 - root - INFO - Created augmented dataset with 95 augmented images
2025-04-20 17:54:24,809 - root - INFO - Combined WS train size: 195 (subset + augmented)
2025-04-20 17:54:25,090 - root - INFO - Using device: cuda
2025-04-20 17:54:25,092 - root - INFO - Epoch 1/3
2025-04-20 17:55:03,541 - root - INFO - Label shape: torch.Size([32])
2025-04-20 17:55:03,542 - root - INFO - Label dtype: torch.int64
2025-04-20 17:55:03,543 - root - INFO - Label values: tensor([27, 34, 26, 12, 34, 29,  7, 17, 11,  4, 24, 33,  1, 17, 20, 32, 14, 19,
         7, 30, 20, 11, 15, 32, 24, 19,  2, 25, 24, 14, 15, 12],
       device='cuda:0')
2025-04-20 17:55:03,543 - root - INFO - CONFIRMATION: Labels are scalar values (one per image)
2025-04-20 17:55:05,971 - root - INFO - Batch 0/7, Loss: 6.8208
2025-04-20 17:55:05,980 - root - INFO - Label shape: torch.Size([32])
2025-04-20 17:55:05,980 - root - INFO - Label dtype: torch.int64
2025-04-20 17:55:05,981 - root - INFO - Label values: tensor([18,  9,  0, 31,  1, 14, 31,  6, 12, 25, 16, 17, 20, 15, 19, 33, 21, 20,
        19, 10, 28, 10, 12, 29, 11, 27,  3, 11,  4, 18, 32, 25],
       device='cuda:0')
2025-04-20 17:55:05,981 - root - INFO - CONFIRMATION: Labels are scalar values (one per image)
2025-04-20 17:55:22,663 - root - INFO - Epoch 1 training loss: 6.5178
2025-04-20 17:56:23,353 - root - INFO - Epoch 1 validation loss: 1913.8161
2025-04-20 17:56:23,447 - root - INFO - Epoch 2/3
2025-04-20 17:57:04,414 - root - INFO - Batch 0/7, Loss: 5.2042
2025-04-20 17:57:20,056 - root - INFO - Epoch 2 training loss: 4.9805
2025-04-20 17:58:08,274 - root - INFO - Epoch 2 validation loss: 3.9864
2025-04-20 17:58:08,368 - root - INFO - Epoch 3/3
2025-04-20 17:58:49,275 - root - INFO - Batch 0/7, Loss: 4.7429
2025-04-20 17:59:05,248 - root - INFO - Epoch 3 training loss: 4.6519
2025-04-20 17:59:53,290 - root - INFO - Epoch 3 validation loss: 3.9864
2025-04-20 17:59:53,426 - root - INFO - Loss plot saved to experiments/plots/loss_plot.png
