2025-04-20 18:20:51,958 - root - INFO - Trial #7: lr=0.00018476763885553647, wd=1.2951304809356158e-05, wseg=0.45196386157931057
2025-04-20 18:20:51,979 - root - INFO - Initializing train dataset with weak_supervision=True
2025-04-20 18:20:51,980 - root - INFO - Split files already exist and are not empty, skipping creation
2025-04-20 18:20:51,981 - root - INFO - Dataset initialized with 4434 images and 35 classes
2025-04-20 18:20:51,981 - root - INFO - Raw train set size: 4434 samples
2025-04-20 18:20:51,982 - root - INFO - Subsampled train set to 100 samples
2025-04-20 18:20:51,982 - root - INFO - Initializing val dataset with weak_supervision=True
2025-04-20 18:20:51,982 - root - INFO - Split files already exist and are not empty, skipping creation
2025-04-20 18:20:51,984 - root - INFO - Dataset initialized with 1478 images and 35 classes
2025-04-20 18:20:51,985 - root - INFO - Validation set size: 1478 samples
2025-04-20 18:20:53,054 - root - INFO - Created augmented dataset with 89 augmented images
2025-04-20 18:20:53,054 - root - INFO - Combined WS train size: 189 (subset + augmented)
2025-04-20 18:20:53,327 - root - INFO - Using device: cuda
2025-04-20 18:20:53,329 - root - INFO - Epoch 1/3
2025-04-20 18:21:31,530 - root - INFO - Label shape: torch.Size([32])
2025-04-20 18:21:31,530 - root - INFO - Label dtype: torch.int64
2025-04-20 18:21:31,532 - root - INFO - Label values: tensor([21,  1, 30, 23, 14, 27, 15, 32, 30, 24, 21,  8,  6, 12, 11, 26,  8,  4,
        32,  4, 12, 25, 34, 25,  1, 33, 19,  3, 14, 15,  7, 27],
       device='cuda:0')
2025-04-20 18:21:31,532 - root - INFO - CONFIRMATION: Labels are scalar values (one per image)
2025-04-20 18:21:33,950 - root - INFO - Batch 0/6, Loss: 8.6505
2025-04-20 18:21:33,958 - root - INFO - Label shape: torch.Size([32])
2025-04-20 18:21:33,958 - root - INFO - Label dtype: torch.int64
2025-04-20 18:21:33,959 - root - INFO - Label values: tensor([34,  5,  8, 13, 17, 17,  9, 20, 32, 17, 12, 12,  8, 33, 31,  2,  4, 17,
        34, 15,  4, 32, 31, 30, 15, 17, 23, 10, 14, 17,  4,  7],
       device='cuda:0')
2025-04-20 18:21:33,959 - root - INFO - CONFIRMATION: Labels are scalar values (one per image)
2025-04-20 18:21:45,481 - root - INFO - Epoch 1 training loss: 7.8637
2025-04-20 18:22:46,570 - root - INFO - Epoch 1 validation loss: 9867.9514
2025-04-20 18:22:46,662 - root - INFO - Epoch 2/3
2025-04-20 18:23:27,158 - root - INFO - Batch 0/6, Loss: 4.9001
2025-04-20 18:23:38,210 - root - INFO - Epoch 2 training loss: 7.2687
2025-04-20 18:24:26,627 - root - INFO - Epoch 2 validation loss: 4.0628
2025-04-20 18:24:26,642 - root - INFO - Epoch 3/3
2025-04-20 18:25:08,795 - root - INFO - Batch 0/6, Loss: 6.4676
2025-04-20 18:25:19,847 - root - INFO - Epoch 3 training loss: 5.2208
2025-04-20 18:26:07,848 - root - INFO - Epoch 3 validation loss: 4.0628
2025-04-20 18:26:07,863 - root - INFO - Pruning trial at epoch 3
