2025-04-20 21:10:57,053 - root - INFO - Trial #3: lr=0.00012056346420281752, wd=6.443058780511955e-05, wseg=0.26693002261945825
2025-04-20 21:10:57,075 - root - INFO - Initializing train dataset with weak_supervision=False
2025-04-20 21:10:57,076 - root - INFO - Split files already exist and are not empty, skipping creation
2025-04-20 21:10:57,078 - root - INFO - Dataset initialized with 4434 images and 35 classes
2025-04-20 21:10:57,079 - root - INFO - Raw train set size: 4434 samples
2025-04-20 21:10:57,079 - root - INFO - Subsampled train set to 100 samples
2025-04-20 21:10:57,079 - root - INFO - Initializing val dataset with weak_supervision=False
2025-04-20 21:10:57,080 - root - INFO - Split files already exist and are not empty, skipping creation
2025-04-20 21:10:57,082 - root - INFO - Dataset initialized with 1478 images and 35 classes
2025-04-20 21:10:57,082 - root - INFO - Validation set size: 1478 samples
2025-04-20 21:10:57,283 - root - INFO - Using device: cuda
2025-04-20 21:10:57,285 - root - INFO - Epoch 1/3
2025-04-20 21:11:38,013 - root - INFO - Label shape: torch.Size([32, 224, 224])
2025-04-20 21:11:38,014 - root - INFO - Label dtype: torch.int64
2025-04-20 21:11:38,020 - root - INFO - Label values: tensor([[[1, 1, 1,  ..., 1, 1, 1],
         [1, 1, 1,  ..., 1, 1, 1],
         [1, 1, 1,  ..., 1, 1, 1],
         ...,
         [1, 1, 1,  ..., 1, 1, 1],
         [1, 1, 1,  ..., 1, 1, 1],
         [1, 1, 1,  ..., 1, 1, 1]],

        [[1, 1, 1,  ..., 1, 1, 1],
         [1, 1, 1,  ..., 1, 1, 1],
         [1, 1, 1,  ..., 1, 1, 1],
         ...,
         [1, 1, 1,  ..., 1, 1, 1],
         [1, 1, 1,  ..., 1, 1, 1],
         [1, 1, 1,  ..., 1, 1, 1]],

        [[1, 1, 1,  ..., 1, 1, 1],
         [1, 1, 1,  ..., 1, 1, 1],
         [1, 1, 1,  ..., 1, 1, 1],
         ...,
         [1, 1, 1,  ..., 1, 1, 1],
         [1, 1, 1,  ..., 1, 1, 1],
         [1, 1, 1,  ..., 1, 1, 1]],

        ...,

        [[1, 1, 1,  ..., 1, 1, 1],
         [1, 1, 1,  ..., 1, 1, 1],
         [1, 1, 1,  ..., 1, 1, 1],
         ...,
         [1, 1, 1,  ..., 1, 1, 1],
         [1, 1, 1,  ..., 1, 1, 1],
         [0, 0, 0,  ..., 1, 1, 1]],

        [[1, 1, 1,  ..., 1, 1, 1],
         [1, 1, 1,  ..., 1, 1, 1],
         [1, 1, 1,  ..., 1, 1, 1],
         ...,
         [1, 1, 1,  ..., 1, 1, 1],
         [1, 1, 1,  ..., 1, 1, 1],
         [1, 1, 1,  ..., 1, 1, 1]],

        [[1, 1, 1,  ..., 1, 1, 1],
         [1, 1, 1,  ..., 1, 1, 1],
         [1, 1, 1,  ..., 1, 1, 1],
         ...,
         [1, 1, 1,  ..., 1, 1, 1],
         [1, 1, 1,  ..., 1, 1, 1],
         [1, 1, 1,  ..., 1, 1, 1]]], device='cuda:0')
2025-04-20 21:11:38,021 - root - INFO - Labels have shape torch.Size([32, 224, 224]) - they appear to be masks, not scalars
2025-04-20 21:11:38,463 - root - INFO - Batch 0/4, Loss: 3.5330
2025-04-20 21:11:38,478 - root - INFO - Label shape: torch.Size([32, 224, 224])
2025-04-20 21:11:38,478 - root - INFO - Label dtype: torch.int64
2025-04-20 21:11:38,483 - root - INFO - Label values: tensor([[[1, 1, 1,  ..., 1, 1, 1],
         [1, 1, 1,  ..., 1, 1, 1],
         [1, 1, 1,  ..., 1, 1, 1],
         ...,
         [1, 1, 1,  ..., 1, 1, 1],
         [1, 1, 1,  ..., 1, 1, 1],
         [1, 1, 1,  ..., 1, 1, 1]],

        [[1, 1, 1,  ..., 1, 1, 1],
         [1, 1, 1,  ..., 1, 1, 1],
         [1, 1, 1,  ..., 1, 1, 1],
         ...,
         [1, 1, 1,  ..., 1, 1, 1],
         [1, 1, 1,  ..., 1, 1, 1],
         [1, 1, 1,  ..., 1, 1, 1]],

        [[1, 1, 1,  ..., 0, 0, 0],
         [1, 1, 1,  ..., 0, 0, 0],
         [1, 1, 1,  ..., 0, 0, 0],
         ...,
         [1, 1, 1,  ..., 1, 1, 1],
         [1, 1, 1,  ..., 1, 1, 1],
         [1, 1, 1,  ..., 1, 1, 1]],

        ...,

        [[1, 1, 1,  ..., 1, 1, 1],
         [1, 1, 1,  ..., 1, 1, 1],
         [1, 1, 1,  ..., 1, 1, 1],
         ...,
         [1, 1, 1,  ..., 1, 1, 1],
         [1, 1, 1,  ..., 1, 1, 1],
         [1, 1, 1,  ..., 1, 1, 1]],

        [[1, 1, 1,  ..., 1, 1, 1],
         [1, 1, 1,  ..., 1, 1, 1],
         [1, 1, 1,  ..., 1, 1, 1],
         ...,
         [1, 1, 1,  ..., 1, 1, 1],
         [1, 1, 1,  ..., 1, 1, 1],
         [1, 1, 1,  ..., 1, 1, 1]],

        [[0, 0, 0,  ..., 1, 1, 1],
         [0, 1, 1,  ..., 1, 1, 1],
         [0, 1, 1,  ..., 1, 1, 1],
         ...,
         [1, 1, 1,  ..., 1, 1, 1],
         [1, 1, 1,  ..., 1, 1, 1],
         [1, 1, 1,  ..., 1, 1, 1]]], device='cuda:0')
2025-04-20 21:11:38,484 - root - INFO - Labels have shape torch.Size([32, 224, 224]) - they appear to be masks, not scalars
2025-04-20 21:11:39,839 - root - INFO - Epoch 1 training loss: 3.4472
2025-04-20 21:12:24,939 - root - INFO - Epoch 1 validation loss: 3.6313
2025-04-20 21:12:24,952 - root - INFO - Epoch 2/3
2025-04-20 21:13:06,234 - root - INFO - Batch 0/4, Loss: 3.2090
2025-04-20 21:13:07,598 - root - INFO - Epoch 2 training loss: 3.1749
2025-04-20 21:13:52,936 - root - INFO - Epoch 2 validation loss: 3.5663
2025-04-20 21:13:52,952 - root - INFO - Epoch 3/3
2025-04-20 21:14:34,570 - root - INFO - Batch 0/4, Loss: 2.9992
2025-04-20 21:14:35,939 - root - INFO - Epoch 3 training loss: 2.9835
2025-04-20 21:15:20,926 - root - INFO - Epoch 3 validation loss: 3.3888
2025-04-20 21:15:20,961 - root - INFO - Loss plot saved to experiments/plots/loss_plot.png
