2025-04-20 18:31:17,686 - root - INFO - Trial #9: lr=0.00021766112668471254, wd=0.0009270478365697362, wseg=0.4502848516336886
2025-04-20 18:31:17,708 - root - INFO - Initializing train dataset with weak_supervision=True
2025-04-20 18:31:17,708 - root - INFO - Split files already exist and are not empty, skipping creation
2025-04-20 18:31:17,709 - root - INFO - Dataset initialized with 4434 images and 35 classes
2025-04-20 18:31:17,709 - root - INFO - Raw train set size: 4434 samples
2025-04-20 18:31:17,709 - root - INFO - Subsampled train set to 100 samples
2025-04-20 18:31:17,709 - root - INFO - Initializing val dataset with weak_supervision=True
2025-04-20 18:31:17,711 - root - INFO - Split files already exist and are not empty, skipping creation
2025-04-20 18:31:17,712 - root - INFO - Dataset initialized with 1478 images and 35 classes
2025-04-20 18:31:17,712 - root - INFO - Validation set size: 1478 samples
2025-04-20 18:31:18,817 - root - INFO - Created augmented dataset with 94 augmented images
2025-04-20 18:31:18,817 - root - INFO - Combined WS train size: 194 (subset + augmented)
2025-04-20 18:31:19,097 - root - INFO - Using device: cuda
2025-04-20 18:31:19,099 - root - INFO - Epoch 1/3
2025-04-20 18:31:57,301 - root - INFO - Label shape: torch.Size([32])
2025-04-20 18:31:57,301 - root - INFO - Label dtype: torch.int64
2025-04-20 18:31:57,302 - root - INFO - Label values: tensor([ 7,  4, 19, 21, 29,  3,  2, 15,  6, 22, 29,  0, 17, 23, 30, 17, 33,  9,
        19,  9, 33, 13, 10,  9, 12, 33, 14,  3,  0, 13, 31, 26],
       device='cuda:0')
2025-04-20 18:31:57,303 - root - INFO - CONFIRMATION: Labels are scalar values (one per image)
2025-04-20 18:31:59,861 - root - INFO - Batch 0/7, Loss: 11.5084
2025-04-20 18:31:59,869 - root - INFO - Label shape: torch.Size([32])
2025-04-20 18:31:59,869 - root - INFO - Label dtype: torch.int64
2025-04-20 18:31:59,871 - root - INFO - Label values: tensor([17, 10,  2, 14, 12,  9, 20,  9, 14, 34,  5, 33, 18, 21, 26, 12, 14,  4,
        26, 17, 11, 21, 21, 17, 10, 17,  1, 12, 33, 21, 34, 22],
       device='cuda:0')
2025-04-20 18:31:59,871 - root - INFO - CONFIRMATION: Labels are scalar values (one per image)
2025-04-20 18:32:12,358 - root - INFO - Epoch 1 training loss: 9.6653
2025-04-20 18:33:12,726 - root - INFO - Epoch 1 validation loss: 4923.5181
2025-04-20 18:33:12,817 - root - INFO - Epoch 2/3
2025-04-20 18:33:53,270 - root - INFO - Batch 0/7, Loss: 3.9164
2025-04-20 18:34:06,644 - root - INFO - Epoch 2 training loss: 6.8263
2025-04-20 18:34:55,848 - root - INFO - Epoch 2 validation loss: 4.0611
2025-04-20 18:34:56,004 - root - INFO - Epoch 3/3
2025-04-20 18:35:36,673 - root - INFO - Batch 0/7, Loss: 5.1138
2025-04-20 18:35:47,568 - root - INFO - Epoch 3 training loss: 5.9749
2025-04-20 18:36:36,477 - root - INFO - Epoch 3 validation loss: 4.0610
2025-04-20 18:36:36,587 - root - INFO - Pruning trial at epoch 3
