2025-04-20 21:30:35,827 - root - INFO - Trial #7: lr=0.00017072112238061804, wd=0.00023441257311348297, wseg=0.3097945096747655
2025-04-20 21:30:35,865 - root - INFO - Initializing train dataset with weak_supervision=False
2025-04-20 21:30:35,865 - root - INFO - Split files already exist and are not empty, skipping creation
2025-04-20 21:30:35,867 - root - INFO - Dataset initialized with 4434 images and 35 classes
2025-04-20 21:30:35,868 - root - INFO - Raw train set size: 4434 samples
2025-04-20 21:30:35,868 - root - INFO - Subsampled train set to 100 samples
2025-04-20 21:30:35,868 - root - INFO - Initializing val dataset with weak_supervision=False
2025-04-20 21:30:35,869 - root - INFO - Split files already exist and are not empty, skipping creation
2025-04-20 21:30:35,872 - root - INFO - Dataset initialized with 1478 images and 35 classes
2025-04-20 21:30:35,872 - root - INFO - Validation set size: 1478 samples
2025-04-20 21:30:36,213 - root - INFO - Using device: cuda
2025-04-20 21:30:36,216 - root - INFO - Epoch 1/3
2025-04-20 21:31:39,709 - root - INFO - Label shape: torch.Size([32, 224, 224])
2025-04-20 21:31:39,709 - root - INFO - Label dtype: torch.int64
2025-04-20 21:31:39,719 - root - INFO - Label values: tensor([[[1, 1, 1,  ..., 1, 1, 1],
         [1, 1, 1,  ..., 1, 1, 1],
         [1, 1, 1,  ..., 1, 1, 1],
         ...,
         [1, 1, 1,  ..., 1, 1, 1],
         [1, 1, 1,  ..., 1, 1, 1],
         [1, 1, 1,  ..., 1, 1, 1]],

        [[1, 1, 1,  ..., 1, 1, 1],
         [1, 1, 1,  ..., 1, 1, 1],
         [1, 1, 1,  ..., 1, 1, 1],
         ...,
         [1, 1, 1,  ..., 1, 1, 1],
         [1, 1, 1,  ..., 1, 1, 1],
         [1, 1, 1,  ..., 1, 1, 1]],

        [[1, 1, 1,  ..., 1, 1, 1],
         [1, 1, 1,  ..., 1, 1, 1],
         [1, 1, 1,  ..., 1, 1, 1],
         ...,
         [1, 1, 1,  ..., 1, 1, 1],
         [1, 1, 1,  ..., 1, 1, 1],
         [1, 1, 1,  ..., 1, 1, 1]],

        ...,

        [[1, 1, 1,  ..., 1, 1, 1],
         [1, 1, 1,  ..., 1, 1, 1],
         [1, 1, 1,  ..., 1, 1, 1],
         ...,
         [1, 1, 1,  ..., 1, 1, 1],
         [1, 1, 1,  ..., 1, 1, 1],
         [1, 1, 1,  ..., 1, 1, 1]],

        [[1, 1, 1,  ..., 1, 1, 1],
         [1, 1, 1,  ..., 1, 1, 1],
         [1, 1, 1,  ..., 1, 1, 1],
         ...,
         [1, 1, 1,  ..., 1, 1, 1],
         [1, 1, 1,  ..., 1, 1, 1],
         [1, 1, 1,  ..., 1, 1, 1]],

        [[1, 1, 1,  ..., 1, 1, 1],
         [1, 1, 1,  ..., 1, 1, 1],
         [1, 1, 1,  ..., 1, 1, 1],
         ...,
         [1, 1, 1,  ..., 1, 1, 1],
         [1, 1, 1,  ..., 1, 1, 1],
         [1, 1, 1,  ..., 1, 1, 1]]], device='cuda:0')
2025-04-20 21:31:39,720 - root - INFO - Labels have shape torch.Size([32, 224, 224]) - they appear to be masks, not scalars
2025-04-20 21:31:40,017 - root - INFO - Batch 0/4, Loss: 3.7533
2025-04-20 21:31:40,036 - root - INFO - Label shape: torch.Size([32, 224, 224])
2025-04-20 21:31:40,036 - root - INFO - Label dtype: torch.int64
2025-04-20 21:31:40,042 - root - INFO - Label values: tensor([[[0, 0, 0,  ..., 1, 1, 1],
         [1, 1, 1,  ..., 1, 1, 1],
         [1, 1, 1,  ..., 1, 1, 1],
         ...,
         [1, 1, 1,  ..., 0, 0, 0],
         [1, 1, 1,  ..., 0, 0, 0],
         [1, 1, 1,  ..., 0, 0, 0]],

        [[1, 1, 1,  ..., 1, 1, 1],
         [1, 1, 1,  ..., 1, 1, 1],
         [1, 1, 1,  ..., 1, 1, 1],
         ...,
         [1, 1, 1,  ..., 1, 1, 1],
         [1, 1, 1,  ..., 1, 1, 1],
         [1, 1, 1,  ..., 1, 1, 1]],

        [[1, 1, 1,  ..., 1, 1, 1],
         [1, 1, 1,  ..., 1, 1, 1],
         [1, 1, 1,  ..., 1, 1, 1],
         ...,
         [1, 1, 1,  ..., 1, 1, 1],
         [1, 1, 1,  ..., 1, 1, 1],
         [1, 1, 1,  ..., 1, 1, 1]],

        ...,

        [[1, 1, 1,  ..., 1, 1, 1],
         [1, 1, 1,  ..., 1, 1, 1],
         [1, 1, 1,  ..., 1, 1, 1],
         ...,
         [1, 1, 1,  ..., 1, 1, 1],
         [1, 1, 1,  ..., 1, 1, 1],
         [1, 1, 1,  ..., 1, 1, 1]],

        [[1, 1, 1,  ..., 1, 1, 1],
         [1, 1, 1,  ..., 1, 1, 1],
         [1, 1, 1,  ..., 1, 1, 1],
         ...,
         [1, 1, 1,  ..., 1, 1, 1],
         [1, 1, 1,  ..., 1, 1, 1],
         [1, 1, 1,  ..., 1, 1, 1]],

        [[1, 1, 1,  ..., 1, 1, 1],
         [1, 1, 1,  ..., 1, 1, 1],
         [1, 1, 1,  ..., 1, 1, 1],
         ...,
         [1, 1, 1,  ..., 1, 1, 1],
         [1, 1, 1,  ..., 1, 1, 1],
         [1, 1, 1,  ..., 1, 1, 1]]], device='cuda:0')
2025-04-20 21:31:40,043 - root - INFO - Labels have shape torch.Size([32, 224, 224]) - they appear to be masks, not scalars
2025-04-20 21:31:41,869 - root - INFO - Epoch 1 training loss: 3.6366
2025-04-20 21:32:50,296 - root - INFO - Epoch 1 validation loss: 3.8766
2025-04-20 21:32:50,314 - root - INFO - Epoch 2/3
2025-04-20 21:33:52,766 - root - INFO - Batch 0/4, Loss: 3.3485
2025-04-20 21:33:54,608 - root - INFO - Epoch 2 training loss: 3.2863
2025-04-20 21:34:58,170 - root - INFO - Epoch 2 validation loss: 3.7871
2025-04-20 21:34:58,181 - root - INFO - Epoch 3/3
2025-04-20 21:35:41,554 - root - INFO - Batch 0/4, Loss: 3.0851
2025-04-20 21:35:43,124 - root - INFO - Epoch 3 training loss: 3.0218
2025-04-20 21:36:29,261 - root - INFO - Epoch 3 validation loss: 3.5577
2025-04-20 21:36:29,281 - root - INFO - Pruning trial at epoch 3
