2025-04-20 18:26:07,912 - root - INFO - Trial #8: lr=0.0006639894926806499, wd=0.00045923104133968053, wseg=0.3374556817322335
2025-04-20 18:26:07,996 - root - INFO - Initializing train dataset with weak_supervision=True
2025-04-20 18:26:07,997 - root - INFO - Split files already exist and are not empty, skipping creation
2025-04-20 18:26:07,998 - root - INFO - Dataset initialized with 4434 images and 35 classes
2025-04-20 18:26:07,998 - root - INFO - Raw train set size: 4434 samples
2025-04-20 18:26:07,998 - root - INFO - Subsampled train set to 100 samples
2025-04-20 18:26:07,998 - root - INFO - Initializing val dataset with weak_supervision=True
2025-04-20 18:26:08,000 - root - INFO - Split files already exist and are not empty, skipping creation
2025-04-20 18:26:08,006 - root - INFO - Dataset initialized with 1478 images and 35 classes
2025-04-20 18:26:08,006 - root - INFO - Validation set size: 1478 samples
2025-04-20 18:26:09,060 - root - INFO - Created augmented dataset with 93 augmented images
2025-04-20 18:26:09,060 - root - INFO - Combined WS train size: 193 (subset + augmented)
2025-04-20 18:26:09,334 - root - INFO - Using device: cuda
2025-04-20 18:26:09,336 - root - INFO - Epoch 1/3
2025-04-20 18:26:47,817 - root - INFO - Label shape: torch.Size([32])
2025-04-20 18:26:47,818 - root - INFO - Label dtype: torch.int64
2025-04-20 18:26:47,819 - root - INFO - Label values: tensor([ 4, 27,  6, 20, 17,  6,  1, 22, 21, 22,  7, 13, 34, 23, 12, 34, 28, 13,
        23, 25, 12, 19, 18, 19,  2, 11, 12, 30, 17, 20,  3, 21],
       device='cuda:0')
2025-04-20 18:26:47,819 - root - INFO - CONFIRMATION: Labels are scalar values (one per image)
2025-04-20 18:26:50,160 - root - INFO - Batch 0/7, Loss: 9.1103
2025-04-20 18:26:50,167 - root - INFO - Label shape: torch.Size([32])
2025-04-20 18:26:50,169 - root - INFO - Label dtype: torch.int64
2025-04-20 18:26:50,170 - root - INFO - Label values: tensor([26, 29,  5, 27, 28, 20, 19,  4, 21, 13, 16, 26, 34, 18,  9, 34, 10,  9,
        23, 26,  7, 21, 32, 27, 13, 25,  8, 22,  0, 13, 23, 19],
       device='cuda:0')
2025-04-20 18:26:50,170 - root - INFO - CONFIRMATION: Labels are scalar values (one per image)
2025-04-20 18:27:01,325 - root - INFO - Epoch 1 training loss: 12.5034
2025-04-20 18:27:59,593 - root - INFO - Epoch 1 validation loss: 222240.0060
2025-04-20 18:27:59,717 - root - INFO - Epoch 2/3
2025-04-20 18:28:40,562 - root - INFO - Batch 0/7, Loss: 7.6132
2025-04-20 18:28:50,332 - root - INFO - Epoch 2 training loss: 8.0823
2025-04-20 18:29:38,825 - root - INFO - Epoch 2 validation loss: 3.9482
2025-04-20 18:29:38,838 - root - INFO - Epoch 3/3
2025-04-20 18:30:19,250 - root - INFO - Batch 0/7, Loss: 6.5873
2025-04-20 18:30:29,090 - root - INFO - Epoch 3 training loss: 5.0656
2025-04-20 18:31:17,615 - root - INFO - Epoch 3 validation loss: 3.9481
2025-04-20 18:31:17,632 - root - INFO - Pruning trial at epoch 3
