2025-04-20 21:19:44,874 - root - INFO - Trial #5: lr=0.0008779513289280935, wd=7.627418058495545e-05, wseg=0.2470200455772653
2025-04-20 21:19:44,896 - root - INFO - Initializing train dataset with weak_supervision=False
2025-04-20 21:19:44,897 - root - INFO - Split files already exist and are not empty, skipping creation
2025-04-20 21:19:44,898 - root - INFO - Dataset initialized with 4434 images and 35 classes
2025-04-20 21:19:44,898 - root - INFO - Raw train set size: 4434 samples
2025-04-20 21:19:44,898 - root - INFO - Subsampled train set to 100 samples
2025-04-20 21:19:44,898 - root - INFO - Initializing val dataset with weak_supervision=False
2025-04-20 21:19:44,899 - root - INFO - Split files already exist and are not empty, skipping creation
2025-04-20 21:19:44,902 - root - INFO - Dataset initialized with 1478 images and 35 classes
2025-04-20 21:19:44,902 - root - INFO - Validation set size: 1478 samples
2025-04-20 21:19:45,191 - root - INFO - Using device: cuda
2025-04-20 21:19:45,193 - root - INFO - Epoch 1/3
2025-04-20 21:20:26,146 - root - INFO - Label shape: torch.Size([32, 224, 224])
2025-04-20 21:20:26,146 - root - INFO - Label dtype: torch.int64
2025-04-20 21:20:26,152 - root - INFO - Label values: tensor([[[0, 0, 0,  ..., 1, 1, 1],
         [0, 0, 0,  ..., 1, 1, 1],
         [0, 0, 0,  ..., 1, 1, 1],
         ...,
         [1, 1, 1,  ..., 1, 1, 1],
         [1, 1, 1,  ..., 1, 1, 1],
         [1, 1, 1,  ..., 1, 1, 1]],

        [[1, 1, 1,  ..., 1, 1, 1],
         [1, 1, 1,  ..., 1, 1, 1],
         [1, 1, 1,  ..., 1, 1, 1],
         ...,
         [1, 1, 1,  ..., 1, 1, 1],
         [1, 1, 1,  ..., 1, 1, 1],
         [1, 1, 1,  ..., 1, 1, 1]],

        [[1, 1, 1,  ..., 1, 1, 1],
         [1, 1, 1,  ..., 1, 1, 1],
         [1, 1, 1,  ..., 1, 1, 1],
         ...,
         [1, 1, 1,  ..., 1, 1, 1],
         [1, 1, 1,  ..., 1, 1, 1],
         [1, 1, 1,  ..., 1, 1, 1]],

        ...,

        [[0, 0, 0,  ..., 1, 1, 1],
         [0, 1, 1,  ..., 1, 1, 1],
         [0, 1, 1,  ..., 1, 1, 1],
         ...,
         [1, 1, 1,  ..., 1, 1, 1],
         [1, 1, 1,  ..., 1, 1, 1],
         [1, 1, 1,  ..., 1, 1, 1]],

        [[1, 1, 1,  ..., 1, 1, 1],
         [1, 1, 1,  ..., 1, 1, 1],
         [1, 1, 1,  ..., 1, 1, 1],
         ...,
         [1, 1, 1,  ..., 1, 1, 1],
         [1, 1, 1,  ..., 1, 1, 1],
         [1, 1, 1,  ..., 1, 1, 1]],

        [[1, 1, 1,  ..., 1, 1, 1],
         [1, 1, 1,  ..., 1, 1, 1],
         [1, 1, 1,  ..., 1, 1, 1],
         ...,
         [1, 1, 1,  ..., 1, 1, 1],
         [1, 1, 1,  ..., 1, 1, 1],
         [1, 1, 1,  ..., 1, 1, 1]]], device='cuda:0')
2025-04-20 21:20:26,152 - root - INFO - Labels have shape torch.Size([32, 224, 224]) - they appear to be masks, not scalars
2025-04-20 21:20:26,642 - root - INFO - Batch 0/4, Loss: 3.9354
2025-04-20 21:20:26,658 - root - INFO - Label shape: torch.Size([32, 224, 224])
2025-04-20 21:20:26,658 - root - INFO - Label dtype: torch.int64
2025-04-20 21:20:26,663 - root - INFO - Label values: tensor([[[1, 1, 1,  ..., 1, 1, 1],
         [1, 1, 1,  ..., 1, 1, 1],
         [1, 1, 1,  ..., 1, 1, 1],
         ...,
         [1, 1, 1,  ..., 1, 1, 1],
         [1, 1, 1,  ..., 1, 1, 1],
         [1, 1, 1,  ..., 1, 1, 1]],

        [[1, 1, 1,  ..., 1, 1, 1],
         [1, 1, 1,  ..., 1, 1, 1],
         [1, 1, 1,  ..., 1, 1, 1],
         ...,
         [1, 1, 1,  ..., 1, 1, 1],
         [1, 1, 1,  ..., 1, 1, 1],
         [1, 1, 1,  ..., 1, 1, 1]],

        [[1, 1, 1,  ..., 1, 1, 1],
         [1, 1, 1,  ..., 1, 1, 1],
         [1, 1, 1,  ..., 1, 1, 1],
         ...,
         [1, 1, 1,  ..., 1, 1, 1],
         [1, 1, 1,  ..., 1, 1, 1],
         [1, 1, 1,  ..., 1, 1, 1]],

        ...,

        [[1, 1, 1,  ..., 1, 1, 1],
         [1, 1, 1,  ..., 1, 1, 1],
         [1, 1, 1,  ..., 1, 1, 1],
         ...,
         [1, 1, 1,  ..., 1, 1, 1],
         [1, 1, 1,  ..., 1, 1, 1],
         [1, 1, 1,  ..., 1, 1, 1]],

        [[1, 1, 1,  ..., 1, 1, 1],
         [1, 1, 1,  ..., 1, 1, 1],
         [1, 1, 1,  ..., 1, 1, 1],
         ...,
         [1, 1, 1,  ..., 1, 1, 1],
         [1, 1, 1,  ..., 1, 1, 1],
         [1, 1, 1,  ..., 1, 1, 1]],

        [[0, 0, 0,  ..., 1, 1, 1],
         [0, 0, 0,  ..., 1, 1, 1],
         [0, 0, 0,  ..., 1, 1, 1],
         ...,
         [1, 1, 1,  ..., 1, 1, 1],
         [1, 1, 1,  ..., 1, 1, 1],
         [1, 1, 1,  ..., 1, 1, 1]]], device='cuda:0')
2025-04-20 21:20:26,663 - root - INFO - Labels have shape torch.Size([32, 224, 224]) - they appear to be masks, not scalars
2025-04-20 21:20:28,013 - root - INFO - Epoch 1 training loss: 3.5906
2025-04-20 21:21:13,222 - root - INFO - Epoch 1 validation loss: 4.6457
2025-04-20 21:21:13,236 - root - INFO - Epoch 2/3
2025-04-20 21:21:54,426 - root - INFO - Batch 0/4, Loss: 3.0138
2025-04-20 21:21:55,770 - root - INFO - Epoch 2 training loss: 2.7071
2025-04-20 21:22:41,492 - root - INFO - Epoch 2 validation loss: 3.2675
2025-04-20 21:22:41,509 - root - INFO - Epoch 3/3
2025-04-20 21:23:29,218 - root - INFO - Batch 0/4, Loss: 2.2516
2025-04-20 21:23:30,939 - root - INFO - Epoch 3 training loss: 2.0560
2025-04-20 21:24:28,243 - root - INFO - Epoch 3 validation loss: 2.1903
2025-04-20 21:24:28,278 - root - INFO - Loss plot saved to experiments/plots/loss_plot.png
