2025-04-20 21:24:28,334 - root - INFO - Trial #6: lr=0.0003391531445003651, wd=2.4320512068429842e-05, wseg=0.3068424023051737
2025-04-20 21:24:28,364 - root - INFO - Initializing train dataset with weak_supervision=False
2025-04-20 21:24:28,365 - root - INFO - Split files already exist and are not empty, skipping creation
2025-04-20 21:24:28,367 - root - INFO - Dataset initialized with 4434 images and 35 classes
2025-04-20 21:24:28,367 - root - INFO - Raw train set size: 4434 samples
2025-04-20 21:24:28,367 - root - INFO - Subsampled train set to 100 samples
2025-04-20 21:24:28,368 - root - INFO - Initializing val dataset with weak_supervision=False
2025-04-20 21:24:28,368 - root - INFO - Split files already exist and are not empty, skipping creation
2025-04-20 21:24:28,371 - root - INFO - Dataset initialized with 1478 images and 35 classes
2025-04-20 21:24:28,371 - root - INFO - Validation set size: 1478 samples
2025-04-20 21:24:28,630 - root - INFO - Using device: cuda
2025-04-20 21:24:28,632 - root - INFO - Epoch 1/3
2025-04-20 21:25:20,072 - root - INFO - Label shape: torch.Size([32, 224, 224])
2025-04-20 21:25:20,072 - root - INFO - Label dtype: torch.int64
2025-04-20 21:25:20,078 - root - INFO - Label values: tensor([[[1, 1, 1,  ..., 1, 1, 1],
         [1, 1, 1,  ..., 1, 1, 1],
         [1, 1, 1,  ..., 1, 1, 1],
         ...,
         [1, 1, 1,  ..., 1, 1, 1],
         [1, 1, 1,  ..., 1, 1, 1],
         [1, 1, 1,  ..., 1, 1, 1]],

        [[1, 1, 1,  ..., 1, 1, 1],
         [1, 1, 1,  ..., 1, 1, 1],
         [1, 1, 1,  ..., 1, 1, 1],
         ...,
         [1, 1, 1,  ..., 1, 1, 1],
         [1, 1, 1,  ..., 1, 1, 1],
         [1, 1, 1,  ..., 1, 1, 1]],

        [[1, 1, 1,  ..., 1, 1, 1],
         [1, 1, 1,  ..., 1, 1, 1],
         [1, 1, 1,  ..., 1, 1, 1],
         ...,
         [1, 1, 1,  ..., 1, 1, 1],
         [1, 1, 1,  ..., 1, 1, 1],
         [1, 1, 1,  ..., 1, 1, 1]],

        ...,

        [[1, 1, 1,  ..., 1, 1, 1],
         [1, 1, 1,  ..., 1, 1, 1],
         [1, 1, 1,  ..., 1, 1, 1],
         ...,
         [1, 1, 1,  ..., 1, 1, 1],
         [1, 1, 1,  ..., 1, 1, 1],
         [1, 1, 1,  ..., 1, 1, 1]],

        [[1, 1, 1,  ..., 1, 1, 1],
         [1, 1, 1,  ..., 1, 1, 1],
         [1, 1, 1,  ..., 1, 1, 1],
         ...,
         [1, 1, 1,  ..., 1, 1, 1],
         [1, 1, 1,  ..., 1, 1, 1],
         [1, 1, 1,  ..., 1, 1, 1]],

        [[1, 1, 1,  ..., 1, 1, 1],
         [1, 1, 1,  ..., 1, 1, 1],
         [1, 1, 1,  ..., 1, 1, 1],
         ...,
         [1, 1, 1,  ..., 1, 1, 1],
         [1, 1, 1,  ..., 1, 1, 1],
         [1, 1, 1,  ..., 1, 1, 1]]], device='cuda:0')
2025-04-20 21:25:20,078 - root - INFO - Labels have shape torch.Size([32, 224, 224]) - they appear to be masks, not scalars
2025-04-20 21:25:20,541 - root - INFO - Batch 0/4, Loss: 3.5844
2025-04-20 21:25:20,554 - root - INFO - Label shape: torch.Size([32, 224, 224])
2025-04-20 21:25:20,554 - root - INFO - Label dtype: torch.int64
2025-04-20 21:25:20,559 - root - INFO - Label values: tensor([[[1, 1, 1,  ..., 1, 1, 1],
         [1, 1, 1,  ..., 1, 1, 1],
         [1, 1, 1,  ..., 1, 1, 1],
         ...,
         [1, 1, 1,  ..., 1, 1, 1],
         [1, 1, 1,  ..., 1, 1, 1],
         [1, 1, 1,  ..., 1, 1, 1]],

        [[1, 1, 1,  ..., 1, 1, 1],
         [1, 1, 1,  ..., 1, 1, 1],
         [1, 1, 1,  ..., 1, 1, 1],
         ...,
         [1, 1, 1,  ..., 1, 1, 1],
         [1, 1, 1,  ..., 1, 1, 1],
         [1, 1, 1,  ..., 1, 1, 1]],

        [[1, 1, 1,  ..., 1, 1, 1],
         [1, 1, 1,  ..., 1, 1, 1],
         [1, 1, 1,  ..., 1, 1, 1],
         ...,
         [1, 1, 1,  ..., 1, 1, 1],
         [1, 1, 1,  ..., 1, 1, 1],
         [1, 1, 1,  ..., 1, 1, 1]],

        ...,

        [[1, 1, 1,  ..., 1, 1, 1],
         [1, 1, 1,  ..., 1, 1, 1],
         [1, 1, 1,  ..., 1, 1, 1],
         ...,
         [1, 1, 1,  ..., 1, 1, 1],
         [1, 1, 1,  ..., 1, 1, 1],
         [1, 1, 1,  ..., 1, 1, 1]],

        [[1, 1, 1,  ..., 1, 1, 1],
         [1, 1, 1,  ..., 1, 1, 1],
         [1, 1, 1,  ..., 1, 1, 1],
         ...,
         [1, 1, 1,  ..., 1, 1, 1],
         [1, 1, 1,  ..., 1, 1, 1],
         [1, 1, 1,  ..., 1, 1, 1]],

        [[1, 1, 1,  ..., 1, 1, 1],
         [1, 1, 1,  ..., 1, 1, 1],
         [1, 1, 1,  ..., 1, 1, 1],
         ...,
         [1, 0, 0,  ..., 1, 1, 1],
         [0, 0, 0,  ..., 1, 1, 1],
         [0, 0, 0,  ..., 1, 1, 1]]], device='cuda:0')
2025-04-20 21:25:20,560 - root - INFO - Labels have shape torch.Size([32, 224, 224]) - they appear to be masks, not scalars
2025-04-20 21:25:21,974 - root - INFO - Epoch 1 training loss: 3.3953
2025-04-20 21:26:15,498 - root - INFO - Epoch 1 validation loss: 3.7637
2025-04-20 21:26:15,512 - root - INFO - Epoch 2/3
2025-04-20 21:27:12,839 - root - INFO - Batch 0/4, Loss: 3.0523
2025-04-20 21:27:14,611 - root - INFO - Epoch 2 training loss: 2.9113
2025-04-20 21:28:22,207 - root - INFO - Epoch 2 validation loss: 3.4638
2025-04-20 21:28:22,222 - root - INFO - Epoch 3/3
2025-04-20 21:29:25,500 - root - INFO - Batch 0/4, Loss: 2.6262
2025-04-20 21:29:27,378 - root - INFO - Epoch 3 training loss: 2.5357
2025-04-20 21:30:35,737 - root - INFO - Epoch 3 validation loss: 3.0999
2025-04-20 21:30:35,754 - root - INFO - Pruning trial at epoch 3
