2025-04-20 21:02:09,681 - root - INFO - Trial #1: lr=0.00013979357636562974, wd=0.00010217779934538376, wseg=0.42963310600228843
2025-04-20 21:02:09,778 - root - INFO - Initializing train dataset with weak_supervision=False
2025-04-20 21:02:09,778 - root - INFO - Split files already exist and are not empty, skipping creation
2025-04-20 21:02:09,779 - root - INFO - Dataset initialized with 4434 images and 35 classes
2025-04-20 21:02:09,780 - root - INFO - Raw train set size: 4434 samples
2025-04-20 21:02:09,780 - root - INFO - Subsampled train set to 100 samples
2025-04-20 21:02:09,780 - root - INFO - Initializing val dataset with weak_supervision=False
2025-04-20 21:02:09,780 - root - INFO - Split files already exist and are not empty, skipping creation
2025-04-20 21:02:09,784 - root - INFO - Dataset initialized with 1478 images and 35 classes
2025-04-20 21:02:09,784 - root - INFO - Validation set size: 1478 samples
2025-04-20 21:02:10,004 - root - INFO - Using device: cuda
2025-04-20 21:02:10,006 - root - INFO - Epoch 1/3
2025-04-20 21:02:50,920 - root - INFO - Label shape: torch.Size([32, 224, 224])
2025-04-20 21:02:50,921 - root - INFO - Label dtype: torch.int64
2025-04-20 21:02:50,927 - root - INFO - Label values: tensor([[[1, 1, 1,  ..., 1, 1, 1],
         [1, 1, 1,  ..., 1, 1, 1],
         [1, 1, 1,  ..., 1, 1, 1],
         ...,
         [1, 1, 1,  ..., 1, 1, 1],
         [1, 1, 1,  ..., 1, 1, 1],
         [1, 1, 1,  ..., 1, 1, 1]],

        [[1, 1, 1,  ..., 1, 1, 1],
         [1, 1, 1,  ..., 1, 1, 1],
         [1, 1, 1,  ..., 1, 1, 1],
         ...,
         [1, 1, 1,  ..., 1, 1, 1],
         [1, 1, 1,  ..., 1, 1, 1],
         [1, 1, 1,  ..., 1, 1, 1]],

        [[1, 1, 1,  ..., 1, 1, 1],
         [1, 1, 1,  ..., 1, 1, 1],
         [1, 1, 1,  ..., 1, 1, 1],
         ...,
         [1, 1, 1,  ..., 1, 1, 1],
         [1, 1, 1,  ..., 1, 1, 1],
         [1, 1, 1,  ..., 1, 1, 1]],

        ...,

        [[1, 1, 1,  ..., 1, 1, 1],
         [1, 1, 1,  ..., 1, 1, 1],
         [1, 1, 1,  ..., 1, 1, 1],
         ...,
         [1, 1, 1,  ..., 1, 1, 1],
         [1, 1, 1,  ..., 1, 1, 1],
         [1, 1, 1,  ..., 1, 1, 1]],

        [[1, 1, 1,  ..., 1, 1, 1],
         [1, 1, 1,  ..., 1, 1, 1],
         [1, 1, 1,  ..., 1, 1, 1],
         ...,
         [1, 1, 1,  ..., 1, 1, 1],
         [1, 1, 1,  ..., 1, 1, 1],
         [1, 1, 1,  ..., 1, 1, 1]],

        [[0, 0, 0,  ..., 1, 1, 1],
         [0, 1, 1,  ..., 1, 1, 1],
         [0, 1, 1,  ..., 1, 1, 1],
         ...,
         [1, 1, 1,  ..., 1, 1, 1],
         [1, 1, 1,  ..., 1, 1, 1],
         [0, 0, 0,  ..., 1, 1, 1]]], device='cuda:0')
2025-04-20 21:02:50,928 - root - INFO - Labels have shape torch.Size([32, 224, 224]) - they appear to be masks, not scalars
2025-04-20 21:02:51,390 - root - INFO - Batch 0/4, Loss: 3.6241
2025-04-20 21:02:51,402 - root - INFO - Label shape: torch.Size([32, 224, 224])
2025-04-20 21:02:51,402 - root - INFO - Label dtype: torch.int64
2025-04-20 21:02:51,410 - root - INFO - Label values: tensor([[[0, 0, 0,  ..., 1, 1, 1],
         [0, 0, 0,  ..., 1, 1, 1],
         [0, 0, 0,  ..., 1, 1, 1],
         ...,
         [1, 1, 1,  ..., 0, 0, 1],
         [1, 1, 1,  ..., 0, 0, 1],
         [1, 1, 1,  ..., 1, 1, 1]],

        [[1, 1, 1,  ..., 1, 1, 1],
         [1, 1, 1,  ..., 1, 1, 1],
         [1, 1, 1,  ..., 1, 1, 1],
         ...,
         [1, 1, 1,  ..., 1, 1, 1],
         [1, 1, 1,  ..., 1, 1, 1],
         [1, 1, 1,  ..., 1, 1, 1]],

        [[1, 1, 1,  ..., 1, 1, 1],
         [1, 1, 1,  ..., 1, 1, 1],
         [1, 1, 1,  ..., 1, 1, 1],
         ...,
         [1, 1, 1,  ..., 1, 1, 1],
         [1, 1, 1,  ..., 1, 1, 1],
         [1, 1, 1,  ..., 1, 1, 1]],

        ...,

        [[1, 1, 1,  ..., 1, 1, 1],
         [1, 1, 1,  ..., 1, 1, 1],
         [1, 1, 1,  ..., 1, 1, 1],
         ...,
         [1, 1, 1,  ..., 0, 0, 0],
         [1, 1, 1,  ..., 0, 0, 0],
         [1, 1, 1,  ..., 0, 0, 0]],

        [[1, 1, 1,  ..., 1, 1, 1],
         [1, 1, 1,  ..., 1, 1, 1],
         [1, 1, 1,  ..., 1, 1, 1],
         ...,
         [1, 1, 1,  ..., 1, 1, 1],
         [1, 1, 1,  ..., 1, 1, 1],
         [1, 1, 1,  ..., 1, 1, 1]],

        [[0, 1, 1,  ..., 1, 1, 1],
         [0, 1, 1,  ..., 1, 1, 1],
         [0, 1, 1,  ..., 1, 1, 1],
         ...,
         [1, 1, 1,  ..., 1, 1, 1],
         [1, 1, 1,  ..., 1, 1, 1],
         [1, 1, 1,  ..., 1, 1, 1]]], device='cuda:0')
2025-04-20 21:02:51,411 - root - INFO - Labels have shape torch.Size([32, 224, 224]) - they appear to be masks, not scalars
2025-04-20 21:02:52,768 - root - INFO - Epoch 1 training loss: 3.5225
2025-04-20 21:03:37,728 - root - INFO - Epoch 1 validation loss: 3.7149
2025-04-20 21:03:37,743 - root - INFO - Epoch 2/3
2025-04-20 21:04:19,002 - root - INFO - Batch 0/4, Loss: 3.2785
2025-04-20 21:04:20,376 - root - INFO - Epoch 2 training loss: 3.2216
2025-04-20 21:05:05,531 - root - INFO - Epoch 2 validation loss: 3.6479
2025-04-20 21:05:05,546 - root - INFO - Epoch 3/3
2025-04-20 21:05:46,596 - root - INFO - Batch 0/4, Loss: 3.0237
2025-04-20 21:05:47,963 - root - INFO - Epoch 3 training loss: 2.9707
2025-04-20 21:06:32,897 - root - INFO - Epoch 3 validation loss: 3.4299
2025-04-20 21:06:32,934 - root - INFO - Loss plot saved to experiments/plots/loss_plot.png
